[1] "With Ensembl IDs + Features:  13744"
[1] "Dimensions:  13744" "Dimensions:  10"   
               GENEID   HALFLIFE  UTR5LEN   CDSLEN INTRONLEN
1  ENSMUSG00000000001  0.8801540 2.146438 3.022882  4.551671
2  ENSMUSG00000000028 -1.5803817 2.492900 3.225335  4.468452
3  ENSMUSG00000000037  5.2434712 2.324488 3.459709  4.949781
4  ENSMUSG00000000056 -1.4584127 1.851870 3.138334  4.153025
5  ENSMUSG00000000058  1.3303881 2.243286 2.684037  3.716429
6  ENSMUSG00000000078 -9.7325453 2.193403 2.977769  3.671737
7  ENSMUSG00000000085 -3.6135672 2.217747 3.323066  4.905662
8  ENSMUSG00000000088  5.5837170 1.682145 2.637590  4.021689
9  ENSMUSG00000000093 -2.6568000 2.744371 3.327584  3.762161
10 ENSMUSG00000000094 -0.4303181 2.152594 3.216984  4.423804
null device 
          1 
     lambda.min
[1,]  0.2271033
     lambda.min
[1,]  0.2162104
ORFEXONDENSITY        UTR3LEN         UTR5GC         UTR3GC        UTR5LEN         CDSLEN      INTRONLEN    (Intercept) 
  3.835527e-01  -1.475391e-01  -8.249083e-02   6.282914e-02  -5.094742e-02  -4.928148e-02  -3.778746e-02   5.355532e-16 
[1] 8
[1] "0.477144304734021"
[1] "0.453659368237301"
[1] "0.448151351547113"
[1] "0.447278573857797"
[1] "0.434033990042182"
[1] "0.50859044387572"
[1] "0.464483801493155"
[1] "0.455870435999531"
[1] "0.493823720324373"
[1] "0.460454260542002"
          [,1]
[1,] 0.4756195
          [,1]
[1,] 0.4638267
null device 
          1 
