[1] "With Ensembl IDs + Features:  13744"
[1] "Dimensions:  13744" "Dimensions:  21854"
               GENEID   HALFLIFE  UTR5LEN   CDSLEN INTRONLEN
1  ENSMUSG00000000001  0.8801540 2.146438 3.022882  4.551671
2  ENSMUSG00000000028 -1.5803817 2.492900 3.225335  4.468452
3  ENSMUSG00000000037  5.2434712 2.324488 3.459709  4.949781
4  ENSMUSG00000000056 -1.4584127 1.851870 3.138334  4.153025
5  ENSMUSG00000000058  1.3303881 2.243286 2.684037  3.716429
6  ENSMUSG00000000078 -9.7325453 2.193403 2.977769  3.671737
7  ENSMUSG00000000085 -3.6135672 2.217747 3.323066  4.905662
8  ENSMUSG00000000088  5.5837170 1.682145 2.637590  4.021689
9  ENSMUSG00000000093 -2.6568000 2.744371 3.327584  3.762161
10 ENSMUSG00000000094 -0.4303181 2.152594 3.216984  4.423804
null device 
          1 
     lambda.min
[1,]  0.2967981
     lambda.min
[1,]  0.2801462
ORFEXONDENSITY        UTR3LEN        3UTR.TC         UTR5GC       3UTR.CCC         CDSLEN     3UTR.AATAA   3UTR.TGTAAAT        UTR5LEN    3UTR.TATTTA    3UTR.GCACTT      3UTR.GACT     3UTR.TTTTA       3UTR.TTG    3UTR.TGTAAA 
  3.565451e-01  -1.272184e-01   4.432712e-02  -4.110722e-02   4.018395e-02  -3.734066e-02   3.606191e-02  -3.037718e-02  -2.994646e-02  -2.959649e-02  -2.611897e-02  -2.406222e-02  -2.165694e-02  -2.156123e-02  -1.984745e-02 
     INTRONLEN   3UTR.TGTATAT        3UTR.CG   3UTR.TGTACAT        3UTR.GT     3UTR.CATGC    3UTR.TGTATA      3UTR.ATTA   3UTR.TATTTAT   3UTR.GCTGCTA    3UTR.TCGTCA   3UTR.TAATTTA   3UTR.TGTACAG   3UTR.CATGGTT   3UTR.TTTGGTT 
 -1.831511e-02  -1.823726e-02  -1.694325e-02  -1.604931e-02  -1.569754e-02   1.526591e-02  -1.504505e-02   1.489845e-02  -1.430159e-02  -1.269383e-02  -1.260474e-02  -1.175346e-02  -1.156792e-02   9.625520e-03  -9.241988e-03 
   3UTR.AATAAA   3UTR.GCCAAGA    3UTR.TGCATG   3UTR.CGACTTC   3UTR.GCTGGAC    3UTR.AAAGGA   3UTR.TTGTATA   3UTR.GTACATA   3UTR.CCCCTGC   3UTR.GCGGCGA   3UTR.CGATATC   3UTR.AGGGATA   3UTR.TTTGTTT    3UTR.GCATGC   3UTR.TATATAT 
  9.115067e-03  -8.664273e-03   8.368720e-03   8.363515e-03  -7.838798e-03  -7.727436e-03  -7.540511e-03  -7.431950e-03   7.395900e-03   7.365881e-03   7.342413e-03  -6.941690e-03  -6.840736e-03   6.716549e-03  -6.578637e-03 
    3UTR.TATCT   3UTR.CCACATC   3UTR.GAACGCT   3UTR.GAACTCA    3UTR.TCTCTA   3UTR.GAAATCC   3UTR.GCGACGG   3UTR.GTGTTCC    3UTR.CTCAGG    3UTR.TGCTGC   3UTR.TCGCATA    3UTR.TTGCAC     3UTR.TATTT       3UTR.GGA    3UTR.TATGTA 
  6.419501e-03   6.253599e-03  -6.253457e-03  -6.130918e-03   6.071612e-03  -6.070027e-03   5.933741e-03   5.831611e-03  -5.814090e-03  -5.575543e-03   5.425695e-03  -5.187658e-03  -5.170323e-03  -5.128273e-03  -5.066811e-03 
      3UTR.CCT   3UTR.AAAAATA   3UTR.GAGGGAG     3UTR.TCGAG      3UTR.GTTG       3UTR.CAT    3UTR.ACTGTT   3UTR.GCTACTA   3UTR.TGACCGG   3UTR.CAGGTGG   3UTR.CAATGAT   3UTR.TACACGA    3UTR.CATTTA   3UTR.AAGCTGT   3UTR.CCGCAAG 
  5.017732e-03   4.959853e-03   4.871244e-03  -4.853464e-03  -4.781739e-03   4.661254e-03  -4.612276e-03   4.533703e-03   4.524237e-03  -4.522060e-03   4.472390e-03  -4.375015e-03   4.330769e-03  -4.310840e-03  -4.298683e-03 
       3UTR.CA     3UTR.GTGAA    3UTR.GAACTT   3UTR.CACCAAA   3UTR.ACTTATC     3UTR.GAGAA   3UTR.TTGAGGC   3UTR.GACGACT   3UTR.TACTATA     3UTR.GACTT   3UTR.TTATGGG      3UTR.TTTT   3UTR.TGGACTT     3UTR.TCATT   3UTR.ATCCACC 
  4.263140e-03  -4.070460e-03  -3.999654e-03   3.927870e-03   3.896201e-03  -3.888075e-03  -3.801035e-03   3.759871e-03   3.656292e-03  -3.618123e-03   3.460814e-03  -3.444145e-03  -3.427465e-03   3.344935e-03   3.334856e-03 
  3UTR.ATTCAAT    3UTR.AGCGAG    3UTR.GACCGA      3UTR.CAAC    3UTR.GGTGCT   3UTR.ATAGGAC   3UTR.TATTTTT    3UTR.GACCCA    3UTR.TGGCGT   3UTR.TCATCGT   3UTR.GAAAACC    3UTR.GTTTGT   3UTR.TCCCAGC   3UTR.GCCGGTG   3UTR.GATTATA 
  3.324867e-03  -3.303343e-03  -3.260777e-03   3.256242e-03  -3.197416e-03   3.045730e-03  -3.021488e-03  -3.004845e-03  -2.890949e-03  -2.820458e-03   2.789981e-03  -2.731147e-03   2.678398e-03  -2.652574e-03   2.647992e-03 
     3UTR.CACC      3UTR.TGTA   3UTR.ATACCCG   3UTR.ATTCGGC      3UTR.CAAT   3UTR.TCGTCAG      3UTR.ATCA   3UTR.CAACAAT   3UTR.AGGAAAC    3UTR.CGGGGA   3UTR.ACAAACT   3UTR.ATACTAT   3UTR.ATCATTC    3UTR.ATCCAC   3UTR.TGAATGT 
  2.625636e-03  -2.616057e-03   2.564358e-03  -2.546074e-03   2.545820e-03  -2.521637e-03   2.516921e-03   2.494234e-03  -2.455656e-03  -2.450403e-03  -2.435767e-03   2.420315e-03   2.410376e-03   2.338121e-03  -2.337280e-03 
   3UTR.GGTGAG   3UTR.TAAAATT   3UTR.GAAGCAC   3UTR.ATTACAA    3UTR.AAAAAT   3UTR.TTCGCTT   3UTR.TGCTTTA     3UTR.TGAGG   3UTR.TCAGGGG    3UTR.GTGAGG      3UTR.CTAT     3UTR.GGTGA   3UTR.AGCACTT   3UTR.GAGGGCT   3UTR.ACTGGGC 
 -2.280290e-03   2.279928e-03  -2.192696e-03   2.175531e-03   2.118373e-03  -2.117539e-03   2.073162e-03  -2.060103e-03  -2.045035e-03  -1.944213e-03   1.913718e-03  -1.912613e-03  -1.827202e-03  -1.819386e-03  -1.813618e-03 
   3UTR.TGAGAA    3UTR.CAGGTG   3UTR.TAGATAG   3UTR.TATGAGA    3UTR.TGGACT   3UTR.TTATGTG   3UTR.TTAGTGA   3UTR.TCAATCC   3UTR.TACGTGA   3UTR.CATCAGC   3UTR.GCAAAGC   3UTR.GTTTCGG   3UTR.CTAGGTC    3UTR.GACACA   3UTR.GTATATA 
 -1.778040e-03  -1.767528e-03   1.712282e-03  -1.691575e-03  -1.669427e-03  -1.569150e-03   1.553907e-03   1.533059e-03   1.510479e-03   1.426096e-03  -1.424864e-03  -1.418684e-03   1.344396e-03   1.340610e-03  -1.329642e-03 
  3UTR.CCAACAG   3UTR.TAGACAA      3UTR.TATC     3UTR.GGACT       3UTR.CGT   3UTR.GCGAGCG   3UTR.CAGGTTC    3UTR.GACGTT   3UTR.TCATTTT    3UTR.AGCTTC   3UTR.GGTTCCC   3UTR.ATCACTA   3UTR.AATTAAA    3UTR.GACGAC    3UTR.ACAGAT 
 -1.301655e-03   1.278999e-03   1.263844e-03  -1.200778e-03  -1.188865e-03  -1.168404e-03   1.156839e-03  -1.135562e-03   1.098382e-03   1.097382e-03  -1.046422e-03   9.931296e-04   9.754724e-04   9.657989e-04  -9.498827e-04 
  3UTR.TGTTTGT   3UTR.AGGAGAG   3UTR.ACTCGGA   3UTR.TTAGGCT   3UTR.TAGAATA   3UTR.CGGAGTC    3UTR.TCACCC     3UTR.TTTTT    3UTR.GGCTCT       3UTR.CTA   3UTR.AGCCTTG   3UTR.TAAAAAT       3UTR.CGG    3UTR.TGCAAA   3UTR.CACTCAA 
 -9.416766e-04  -9.168055e-04  -8.925618e-04   8.880432e-04   8.428404e-04  -8.022237e-04   7.981312e-04  -7.905686e-04  -7.796600e-04   7.764419e-04   7.630779e-04   7.255503e-04  -7.075429e-04  -6.889566e-04   6.510807e-04 
  3UTR.CTGTTGC   3UTR.ATGCTAA   3UTR.TTTTACG   3UTR.TAATGTC   3UTR.AGGACTG   3UTR.GAGCAAA   3UTR.AAAGCAA    3UTR.CTCATT   3UTR.TGCAGAG   3UTR.GCTGTCG    3UTR.TTATTT   3UTR.GAGCGAG   3UTR.GTCAAGT   3UTR.TTTGGGA   3UTR.ACAGGTG 
 -6.388891e-04   5.999962e-04   5.862820e-04  -5.716227e-04  -5.194002e-04   4.944521e-04   4.794224e-04   4.757756e-04  -4.604946e-04  -4.558986e-04  -4.458791e-04  -4.376247e-04   4.357001e-04  -4.296248e-04  -4.269803e-04 
  3UTR.ACAACGC   3UTR.TTTGCAC   3UTR.GTTTGTT   3UTR.GCAGTAA   3UTR.CGCCAAG   3UTR.TGAGGTG   3UTR.ACTACTG     3UTR.TGCAG   3UTR.CTCTCGC   3UTR.CGACGGA   3UTR.ACGCCGG   3UTR.CCCGGAC   3UTR.AAGCAAC    3UTR.TGTTCC   3UTR.GATAGTC 
  4.246901e-04  -3.659729e-04  -3.584936e-04   3.469796e-04  -3.286978e-04  -3.061890e-04  -2.858543e-04  -2.854698e-04   2.628554e-04   2.459024e-04  -2.411800e-04   2.235945e-04   2.000618e-04   1.963326e-04   1.697930e-04 
     3UTR.TACG   3UTR.GACCCCA    3UTR.TGCTAA     3UTR.ACTTG   3UTR.TGCCAAG   3UTR.AGCGGTA     3UTR.CCCCA     3UTR.CCCTG     3UTR.AGAAC   3UTR.GTTACGG   3UTR.CCTGCAA    (Intercept) 
 -1.578119e-04   1.363591e-04   1.111419e-04  -1.027846e-04  -9.638476e-05  -8.643493e-05   8.576248e-05   6.810708e-05  -6.048225e-05  -8.945217e-06   6.767563e-06   4.513723e-16 
[1] 222
[1] "0.520220286271217"
[1] "0.485269967275141"
[1] "0.464965021946933"
[1] "0.501687701496868"
[1] "0.481056597357151"
[1] "0.544999807241854"
[1] "0.507144546479002"
[1] "0.492731742486066"
[1] "0.527564104151473"
[1] "0.493529050391152"
          [,1]
[1,] 0.5189619
          [,1]
[1,] 0.5014552
null device 
          1 
