[1] "With Ensembl IDs + Features:  13744"
[1] "Dimensions:  13744" "Dimensions:  21854"
               GENEID   HALFLIFE  UTR5LEN   CDSLEN INTRONLEN
1  ENSMUSG00000000001  0.8801540 2.146438 3.022882  4.551671
2  ENSMUSG00000000028 -1.5803817 2.492900 3.225335  4.468452
3  ENSMUSG00000000037  5.2434712 2.324488 3.459709  4.949781
4  ENSMUSG00000000056 -1.4584127 1.851870 3.138334  4.153025
5  ENSMUSG00000000058  1.3303881 2.243286 2.684037  3.716429
6  ENSMUSG00000000078 -9.7325453 2.193403 2.977769  3.671737
7  ENSMUSG00000000085 -3.6135672 2.217747 3.323066  4.905662
8  ENSMUSG00000000088  5.5837170 1.682145 2.637590  4.021689
9  ENSMUSG00000000093 -2.6568000 2.744371 3.327584  3.762161
10 ENSMUSG00000000094 -0.4303181 2.152594 3.216984  4.423804
null device 
          1 
     lambda.min
[1,]  0.2656606
     lambda.min
[1,]  0.2556419
ORFEXONDENSITY        UTR3LEN        5UTR.CG        UTR5LEN         CDSLEN         UTR3GC        5UTR.CA      INTRONLEN   5UTR.AACTAAA    5UTR.TATCAC   5UTR.AAAATAC        5UTR.GT    5UTR.TATAAA   5UTR.GGGCGGG    5UTR.TGAACA 
  3.698641e-01  -1.354061e-01  -5.467159e-02  -4.525239e-02  -4.456594e-02   3.861127e-02   3.003581e-02  -1.764877e-02   1.561244e-02   1.347287e-02   1.235148e-02  -1.218199e-02   1.097860e-02   1.095969e-02   1.054817e-02 
    5UTR.TTTTT    5UTR.CTCTAG   5UTR.TAAAATA   5UTR.ACCAGTT        5UTR.CT   5UTR.ATGAGAA   5UTR.AATCACT       5UTR.CGG   5UTR.CCACCCC   5UTR.TCACAAC   5UTR.AATTCTT   5UTR.AACGTCT   5UTR.CCGGAGA     5UTR.CGCAG   5UTR.GGAGTCG 
 -1.023813e-02   1.005178e-02   9.841191e-03  -9.698563e-03   9.619824e-03   9.205681e-03   8.408476e-03  -8.245238e-03   8.179026e-03   8.038212e-03   7.922539e-03  -7.448524e-03  -7.414128e-03   7.314602e-03  -7.245575e-03 
  5UTR.CATAAAG   5UTR.CCATTTT   5UTR.TACTCCA    5UTR.CCCTGC   5UTR.TAATCGT   5UTR.ACCAAGG   5UTR.CCTCAGA   5UTR.AATAAGA    5UTR.TCATAT   5UTR.GTTACAA   5UTR.GTGTCTT   5UTR.ACCATCT    5UTR.TCTGTG   5UTR.TCCCACC       5UTR.GTT 
  6.452119e-03  -6.353261e-03   6.254596e-03   6.224676e-03  -6.021956e-03   5.946356e-03   5.909489e-03   5.856638e-03   5.840318e-03  -5.749903e-03  -5.737264e-03   5.627328e-03  -5.507389e-03   5.399296e-03  -5.338492e-03 
  5UTR.CTTCCAA   5UTR.AATTCAC    5UTR.AGTGGC   5UTR.CAAAGGC   5UTR.ACTTATC   5UTR.TCTGATA    5UTR.TCAAGG       5UTR.TAT   5UTR.AACTTGA   5UTR.CGGAATC    5UTR.GATGGT    5UTR.GTTGTG   5UTR.CCATCCT   5UTR.CATCTGA   5UTR.TACTATC 
  5.244851e-03   5.213672e-03  -5.174166e-03   5.133600e-03   4.936727e-03   4.889714e-03   4.871983e-03   4.858707e-03   4.852009e-03  -4.824862e-03  -4.675228e-03  -4.641814e-03   4.623110e-03   4.608506e-03   4.543522e-03 
   5UTR.CTTCCA   5UTR.TTACGTC   5UTR.GTATCGT      5UTR.GGAA    5UTR.TATGTT   5UTR.TGCTGAT   5UTR.TTGTCAT   5UTR.AGCGTTG   5UTR.AAGCCTT    5UTR.CACTAC      5UTR.GGGA    5UTR.ATTGGT       5UTR.CGA     5UTR.GCGAG      5UTR.AGCT 
  4.483409e-03  -4.375096e-03  -4.336398e-03  -4.286165e-03   4.264808e-03   4.216320e-03  -4.136957e-03  -4.031466e-03   3.989180e-03  -3.980986e-03  -3.821187e-03   3.801328e-03  -3.708524e-03  -3.701370e-03   3.681385e-03 
  5UTR.GCATCCA   5UTR.GTATTAC   5UTR.CCAGCCG   5UTR.AAAGGAC   5UTR.AGATTTT   5UTR.CAAGGTC   5UTR.GTGAATC   5UTR.TATCACA   5UTR.ATTATCG   5UTR.ATAGTCC   5UTR.CTATGAA   5UTR.CGCAGGC    5UTR.TGAGCG   5UTR.TACAGTA   5UTR.TCAGAGG 
  3.665476e-03   3.617912e-03  -3.577819e-03   3.548850e-03  -3.515214e-03   3.478024e-03   3.352687e-03   3.342022e-03  -3.261465e-03   3.251782e-03   3.226154e-03   3.107492e-03  -3.089094e-03   2.914567e-03   2.856211e-03 
  5UTR.CCTTCCA   5UTR.AAAGAAG   5UTR.CCGTGGC   5UTR.CTGGAGT   5UTR.ATAAGAA   5UTR.GCATATG   5UTR.GCGGAAA   5UTR.CTTTTAT   5UTR.GAATATC     5UTR.GCCGC   5UTR.TGCCGGT     5UTR.ACCGT   5UTR.TCTGCGA      5UTR.TCCG   5UTR.AAGAAGA 
  2.850322e-03   2.831090e-03   2.807992e-03  -2.767221e-03   2.707227e-03   2.659527e-03  -2.640574e-03   2.639079e-03   2.553040e-03  -2.514811e-03   2.465482e-03  -2.456689e-03  -2.438523e-03  -2.409989e-03   2.360322e-03 
   5UTR.GATCGG   5UTR.GCCGCTC   5UTR.TGTGGCG   5UTR.TCCACCC    5UTR.TGGCGG   5UTR.AAGGCAC    5UTR.GTAGTG   5UTR.CTTAAAT   5UTR.TTAAGCT   5UTR.TATGTTA    5UTR.CGGATG   5UTR.GCCTCAG    5UTR.TGGTGC     5UTR.TATAC    5UTR.GGGTCC 
 -2.348118e-03  -2.327916e-03  -2.266284e-03   2.154858e-03  -2.150771e-03   2.144547e-03  -2.104513e-03   2.085333e-03   2.060094e-03   2.055140e-03  -2.041913e-03   2.020411e-03  -2.006375e-03   1.922297e-03   1.858354e-03 
     5UTR.CCCT    5UTR.ACATAA    5UTR.GTGCTT   5UTR.ATTCGGG     5UTR.CGGAA   5UTR.ACTATGG   5UTR.TGGATAC     5UTR.GGTAG   5UTR.AATAGCT    5UTR.CCACGC    5UTR.CAACCT   5UTR.TCCTACG     5UTR.CCATC   5UTR.AGGACGC     5UTR.ATAAG 
  1.857305e-03   1.842243e-03  -1.826557e-03  -1.819428e-03  -1.793224e-03   1.768151e-03   1.695153e-03  -1.687169e-03  -1.674717e-03   1.669772e-03   1.669031e-03  -1.577523e-03   1.575372e-03  -1.537403e-03   1.457546e-03 
  5UTR.AGTGGCA   5UTR.CATCCTT    5UTR.ACATGA    5UTR.TGGGAT     5UTR.TCCGG   5UTR.ACGGCTG   5UTR.TTACATT   5UTR.CCCCGCC     5UTR.CCCTG   5UTR.CGATCTT    5UTR.ATGGTG    5UTR.AGGGCG   5UTR.TCCTCTC   5UTR.CTCTCAA   5UTR.GTTGACT 
 -1.442248e-03   1.423006e-03   1.418522e-03  -1.413179e-03  -1.412334e-03  -1.356576e-03  -1.350319e-03   1.346582e-03   1.337254e-03  -1.332233e-03  -1.331539e-03   1.314243e-03   1.236809e-03  -1.234555e-03  -1.230954e-03 
  5UTR.AGACTGG   5UTR.TTCATAT   5UTR.GGCGGGA   5UTR.GACTGGA   5UTR.GACGACT    5UTR.TGACAT   5UTR.GATCGTA     5UTR.TGGCG    5UTR.CTTCAG   5UTR.TACCGGA    5UTR.CAGCCG   5UTR.AGTTCGT   5UTR.GTGGCTC   5UTR.TCTTCAA    5UTR.GTGGCG 
 -1.217650e-03   1.210146e-03  -1.200570e-03  -1.175727e-03  -1.146025e-03   1.114803e-03  -1.101971e-03  -1.099615e-03   1.089765e-03  -1.086558e-03  -1.085460e-03   1.057868e-03  -1.035954e-03   9.768354e-04  -9.655647e-04 
  5UTR.GTGGCGG   5UTR.CCGTGCA   5UTR.TGGAGTC   5UTR.AGACTGA   5UTR.AACAATT   5UTR.CAGATTG   5UTR.TCTCTTC   5UTR.TCACGAG   5UTR.ACCTGAC   5UTR.CTTATAT    5UTR.GGGATC   5UTR.GCGTCTA    5UTR.ACTTCA     5UTR.AACGT   5UTR.TAACCTT 
 -9.516606e-04  -9.334971e-04  -9.111313e-04  -8.970256e-04   8.941452e-04   8.732498e-04   8.243487e-04   8.079683e-04   7.793110e-04  -7.690453e-04  -7.608483e-04  -7.516385e-04   7.510190e-04  -7.398817e-04   7.179544e-04 
  5UTR.TCCTTGC   5UTR.TAGACAT   5UTR.AAGGTCG   5UTR.CGGCAGG   5UTR.TGGCGGC    5UTR.CCGCAG      5UTR.GCGA   5UTR.GCAACCT   5UTR.GAACAAA   5UTR.CAGCGGA   5UTR.CTTCAGT    5UTR.GGGAAT   5UTR.CTGTGAG   5UTR.GCTCCAT   5UTR.TCCTGGA 
 -7.046128e-04   7.033551e-04   6.957655e-04   6.750641e-04  -6.607016e-04   6.596667e-04  -6.083578e-04   5.990579e-04   5.932427e-04  -5.895052e-04   5.752357e-04  -5.407730e-04  -5.304734e-04  -5.287385e-04   4.781044e-04 
  5UTR.TCCCGAC   5UTR.ACTAAAC   5UTR.GAAGGCC      5UTR.GAGT     5UTR.GGTCC   5UTR.GAGGATT    5UTR.GTTCGA    5UTR.ACCCTG   5UTR.TACGAGC   5UTR.CGGGGGT      5UTR.ACGT   5UTR.ATCAATG   5UTR.AGCATTC     5UTR.GATTT   5UTR.CGATAGT 
 -4.657194e-04   4.454795e-04  -4.405341e-04  -4.040758e-04   3.899817e-04  -3.688680e-04  -3.550444e-04   3.213170e-04  -3.023055e-04   3.008911e-04  -2.853407e-04   2.832780e-04   2.789349e-04  -2.641299e-04  -2.401733e-04 
  5UTR.ACCAACA   5UTR.ATGTCCA   5UTR.TTCCAAA   5UTR.TACAGGG   5UTR.TTACTCA   5UTR.AAAGACT   5UTR.CTCTAAT   5UTR.GAAGATA    5UTR.CCAATG   5UTR.GTAGTGT   5UTR.AGATAAT    5UTR.AAAACA   5UTR.GTACAGT   5UTR.AGTGTGC   5UTR.TTCAACC 
  2.112050e-04   1.922632e-04   1.803414e-04   1.570272e-04   1.331098e-04   1.270162e-04   1.098032e-04   9.039081e-05   8.203162e-05  -7.440791e-05   3.722384e-05   3.546181e-05   2.867072e-05  -2.425133e-05   3.257704e-06 
  5UTR.TATAGGG    (Intercept) 
 -1.912725e-06   4.643532e-16 
[1] 227
[1] "0.48835816800037"
[1] "0.45602215859342"
[1] "0.460047739113677"
[1] "0.465515609499588"
[1] "0.452172486064313"
[1] "0.514278239345022"
[1] "0.473607306956974"
[1] "0.467561393084381"
[1] "0.49404284412234"
[1] "0.473118862399995"
          [,1]
[1,] 0.4867717
          [,1]
[1,] 0.4738607
null device 
          1 
