[1] "With Ensembl IDs + Features:  13744"
[1] "Dimensions:  13744" "Dimensions:  21918"
               GENEID   HALFLIFE  UTR5LEN   CDSLEN INTRONLEN
1  ENSMUSG00000000001  0.8801540 2.146438 3.022882  4.551671
2  ENSMUSG00000000028 -1.5803817 2.492900 3.225335  4.468452
3  ENSMUSG00000000037  5.2434712 2.324488 3.459709  4.949781
4  ENSMUSG00000000056 -1.4584127 1.851870 3.138334  4.153025
5  ENSMUSG00000000058  1.3303881 2.243286 2.684037  3.716429
6  ENSMUSG00000000078 -9.7325453 2.193403 2.977769  3.671737
7  ENSMUSG00000000085 -3.6135672 2.217747 3.323066  4.905662
8  ENSMUSG00000000088  5.5837170 1.682145 2.637590  4.021689
9  ENSMUSG00000000093 -2.6568000 2.744371 3.327584  3.762161
10 ENSMUSG00000000094 -0.4303181 2.152594 3.216984  4.423804
null device 
          1 
     lambda.min
[1,]  0.3733071
     lambda.min
[1,]  0.3737458
ORFEXONDENSITY        UTR3LEN      Codon.AGC      Codon.TTA      Codon.AGT        UTR5LEN        5UTR.CG      Codon.ATG      Codon.CAC      Codon.TCA      Codon.ATC      Codon.CAT      Codon.CGG      Codon.TGT      Codon.CAG 
  3.223895e-01  -1.293310e-01  -6.234455e-02  -5.894829e-02  -5.826277e-02  -5.654953e-02  -5.306965e-02   4.609632e-02  -4.505381e-02  -4.466669e-02   4.437384e-02  -4.323888e-02  -4.299833e-02  -3.990734e-02  -3.804897e-02 
     Codon.TCG      Codon.AAA      Codon.CCG      Codon.ACG      Codon.AGA      Codon.AGG      Codon.ATT      Codon.TAA      Codon.GTG      Codon.TTC      Codon.GGA      Codon.CTG      Codon.GGT      Codon.GAT   5UTR.TACTCCA 
 -3.719986e-02  -3.489913e-02  -3.248757e-02  -3.201129e-02  -3.019764e-02  -2.809675e-02   2.790622e-02   2.703828e-02   2.442231e-02   2.378802e-02   2.335584e-02   2.261622e-02   2.138739e-02   1.912497e-02   1.819543e-02 
     Codon.TGA      Codon.CGA   5UTR.AACTAAA      Codon.GCC      Codon.GCT   5UTR.ACCAGTT      Codon.GTC    5UTR.CTCTAG   5UTR.AATCACT    5UTR.TATCAC   5UTR.GGGCGGG      Codon.TGG   5UTR.CTTCCAA      Codon.TAT   5UTR.TAAAATA 
  1.810588e-02  -1.692325e-02   1.648667e-02   1.589323e-02   1.511960e-02  -1.456544e-02   1.428882e-02   1.387203e-02   1.345732e-02   1.305480e-02   1.286566e-02   1.276215e-02   1.131755e-02   1.097035e-02   1.055742e-02 
  5UTR.TCACAAC   5UTR.CAAGGTC   5UTR.CCGGAGA    5UTR.TGAACA   5UTR.ACCAAGG     5UTR.CGCAG   5UTR.AAAATAC      Codon.TCC   5UTR.CCACCCC   5UTR.CCTCAGA     5UTR.TTTTT   5UTR.CGGGACC   5UTR.GGAGTCG   5UTR.GTTACAA      Codon.TAG 
  1.026021e-02   1.023370e-02  -1.019601e-02   1.016211e-02   9.946587e-03   9.810065e-03   9.780830e-03  -9.600747e-03   9.555336e-03   9.543924e-03  -9.239192e-03  -9.136314e-03  -9.092977e-03  -9.086719e-03   8.880340e-03 
  5UTR.TCAGAGG   5UTR.ATGAGAA    5UTR.ATTGGT   5UTR.AACGTCT   5UTR.AACTTGA      Codon.GGC   5UTR.AATAAGA   5UTR.CCATTTT     5UTR.ACCGT   5UTR.GTATCGT     5UTR.CGGAA   5UTR.CTGGAGT   5UTR.AGCGTTG   5UTR.ATGTCCA    5UTR.TGGTGC 
  8.682297e-03   8.324541e-03   8.274101e-03  -8.265979e-03   8.167142e-03   7.999140e-03   7.966516e-03  -7.452560e-03  -7.156311e-03  -7.038608e-03  -7.004052e-03  -6.821925e-03  -6.801147e-03   6.784231e-03  -6.669790e-03 
   5UTR.GGGATC   5UTR.TCCCACC   5UTR.GTGTCTT   5UTR.AAAGAAG   5UTR.GGCGGGA   5UTR.TTAAGCT   5UTR.TTGTCAT   5UTR.AGACTGG   5UTR.ACCATCT    5UTR.TCTGTG      5UTR.GAGT   5UTR.AGTGTGC   5UTR.TACGTCT   5UTR.ATTATCG    5UTR.GATCGG 
 -6.305471e-03   6.292874e-03  -6.262154e-03   6.203696e-03  -6.167099e-03   6.161985e-03  -6.135013e-03  -6.047396e-03   6.016026e-03  -5.992094e-03  -5.989604e-03  -5.970832e-03   5.882519e-03  -5.842473e-03  -5.786826e-03 
  5UTR.TATCACA   5UTR.GTTGACT   5UTR.CAAAGGC   5UTR.TAATCGT    5UTR.GTTGTG   5UTR.CATAAAG   5UTR.AATAGCT   5UTR.CCCCAAA   5UTR.TCCTCTC   5UTR.GATGGTG   5UTR.TTACGTC   5UTR.CTTTTAT   5UTR.CATCTGA   5UTR.GTTACGT   5UTR.AGACTGA 
  5.759921e-03  -5.747320e-03   5.620656e-03  -5.557021e-03  -5.543622e-03   5.481561e-03  -5.467556e-03   5.427385e-03   5.339412e-03  -5.336814e-03  -5.301384e-03   5.287015e-03   5.260239e-03  -5.214947e-03  -5.211512e-03 
   5UTR.GTGCTT   5UTR.TGTGGCG   5UTR.AGATTTT    5UTR.CACTAC   5UTR.CCTTCCA   5UTR.TCTGATA   5UTR.TTACTCA        5UTR.CA   5UTR.AATTCAC   5UTR.CTATGAA   5UTR.CCCACCC    5UTR.CCCTGC   5UTR.CACCCGG    5UTR.GAACCG     5UTR.CCATC 
 -5.149540e-03  -5.097233e-03  -5.065551e-03  -5.045486e-03   5.009839e-03   5.000451e-03   4.930350e-03   4.920461e-03   4.787808e-03   4.775478e-03   4.773336e-03   4.686909e-03   4.660798e-03  -4.636118e-03   4.626782e-03 
  5UTR.CGGAATC      Codon.AAG    5UTR.CAGCCG   5UTR.AACAATT   5UTR.CCATCCT   5UTR.ATTCCAC   5UTR.TGGCGGC   5UTR.TTGGTTC   5UTR.TGGGATC    5UTR.TCCCCT   5UTR.CAGCGGA   5UTR.ACGTAAT    5UTR.CCACGC    5UTR.ATTCTC    5UTR.CAACCT 
 -4.626621e-03   4.620112e-03  -4.512053e-03   4.506176e-03   4.464967e-03  -4.452704e-03  -4.440077e-03   4.435778e-03  -4.430059e-03   4.401158e-03  -4.394264e-03   4.362112e-03   4.318073e-03   4.268511e-03   4.252966e-03 
  5UTR.TTACATT    5UTR.GGGAAT   5UTR.AGATAAT   5UTR.AAGGCTT   5UTR.CGGGGGT      Codon.CGT   5UTR.ATTCGGG   5UTR.AAGCCTT    5UTR.ACTATT   5UTR.AGAGATG   5UTR.AAAGGAC   5UTR.CCGGTAA    5UTR.TATGTT   5UTR.GGATCCG      5UTR.AGCT 
 -4.246442e-03  -4.236585e-03   4.231338e-03   4.177723e-03   4.173042e-03   4.159279e-03  -4.151845e-03   4.147299e-03  -4.143615e-03   4.142329e-03   4.130559e-03  -4.107131e-03   4.071399e-03   4.058568e-03   4.041587e-03 
   5UTR.TCATAT   5UTR.CTTTCAA    5UTR.ACCTCA   5UTR.TCACGAG   5UTR.ACTTATC   5UTR.AGGTAGC     5UTR.GATTT    5UTR.TGTTCT        5UTR.GT   5UTR.CCATCGA      5UTR.TCCG    5UTR.ACCCTG      Codon.GGG   5UTR.ACAAGTA   5UTR.ACGGCTG 
  3.998805e-03  -3.943018e-03  -3.930865e-03   3.894359e-03   3.873836e-03  -3.834782e-03  -3.791822e-03  -3.735211e-03  -3.702293e-03   3.700426e-03  -3.640572e-03   3.582465e-03   3.577917e-03   3.573574e-03  -3.558195e-03 
  5UTR.GTTGGCA    5UTR.CATAAT   5UTR.ATCAATG      5UTR.CTGC   5UTR.ATAGTCC    5UTR.TATAAA   5UTR.TCCTACG   5UTR.GAATATC   5UTR.TATGTTA   5UTR.CCATTAA   5UTR.ATTCTTC   5UTR.CAGGTCA    5UTR.TGACAT   5UTR.AAGAAGA   5UTR.TGCTCCC 
 -3.521159e-03   3.520702e-03   3.516778e-03   3.472910e-03   3.373950e-03   3.367039e-03  -3.358134e-03   3.351479e-03   3.319720e-03   3.309920e-03   3.295746e-03   3.276250e-03   3.263058e-03   3.179842e-03  -3.158120e-03 
   5UTR.GATGGT   5UTR.AGGACGC   5UTR.TACCAGA    5UTR.TACCTT   5UTR.AATTCTT    5UTR.AGTGGC     5UTR.ATGGA   5UTR.TGCTGAT    5UTR.ACATGA   5UTR.TATGGGT   5UTR.GACGACT   5UTR.CTGTCCT   5UTR.GCTAACG   5UTR.CTTACTA   5UTR.AGACCTC 
 -3.153099e-03  -3.144717e-03   3.140318e-03  -3.131434e-03   3.106005e-03  -3.101648e-03   3.079800e-03   3.072568e-03   3.005507e-03   3.001126e-03  -2.983806e-03  -2.959429e-03   2.920620e-03   2.878885e-03  -2.874738e-03 
  5UTR.GTAGTGT   5UTR.TACTATC   5UTR.TAACCTT   5UTR.GTGGCTC   5UTR.CTCCAGT     5UTR.CCGGA   5UTR.GCATCCA   5UTR.TTTTGCA   5UTR.GAAGATA      5UTR.GTAG   5UTR.GCACCTT     5UTR.GCCCC   5UTR.ATTATCT     5UTR.GCGAG   5UTR.TCGACCG 
 -2.834607e-03   2.828354e-03   2.820685e-03  -2.814720e-03   2.773614e-03  -2.754810e-03   2.715479e-03  -2.696909e-03   2.685797e-03  -2.669116e-03  -2.665299e-03   2.637802e-03   2.603807e-03  -2.588483e-03  -2.579533e-03 
      5UTR.CGA     5UTR.GGTAG   5UTR.TACCGGA   5UTR.CCCCATA   5UTR.CCTTTTG   5UTR.GATCGTA   5UTR.ACTATGG   5UTR.GACTGGA    5UTR.GAGGCC   5UTR.ACGTCGA    5UTR.AAAACA   5UTR.AAGGTCG    5UTR.TCAAGG   5UTR.AAAGACT   5UTR.AGTGGCA 
 -2.557081e-03  -2.530727e-03  -2.519989e-03  -2.510792e-03  -2.507284e-03  -2.484356e-03   2.476513e-03  -2.429813e-03   2.398655e-03  -2.396295e-03   2.387707e-03   2.367106e-03   2.353380e-03   2.353141e-03  -2.336263e-03 
  5UTR.GGCACAC    5UTR.CCGAGA      5UTR.CCCT   5UTR.ACTTCTC   5UTR.GCGTCTA   5UTR.GCCGGAG   5UTR.GGGTGCG   5UTR.GAGGATT   5UTR.GGGACTG   5UTR.GCCTCAG   5UTR.CTCATAT    5UTR.ATGACT   5UTR.TGGACGA   5UTR.TCGTGCC   5UTR.CTATGGT 
  2.319522e-03  -2.309227e-03   2.276618e-03   2.274980e-03  -2.259934e-03  -2.244997e-03  -2.235693e-03  -2.216539e-03  -2.209760e-03   2.204568e-03   2.172486e-03   2.167149e-03   2.161034e-03   2.157792e-03   2.144216e-03 
  5UTR.AGCATTC   5UTR.TCTTCAA   5UTR.TGAGCAA   5UTR.GTGGAAG     5UTR.GCTAT    5UTR.AACCAA   5UTR.CTGAGCG   5UTR.ACCTGAC   5UTR.CATCCTT   5UTR.CACAGGT   5UTR.AGGGCAT   5UTR.CTCTAAT   5UTR.CGGCAAG    5UTR.TTCTCT   5UTR.GCTCCAT 
  2.076352e-03   2.075859e-03   2.070784e-03   2.070392e-03   2.063747e-03   2.059103e-03  -2.032328e-03   2.022078e-03   2.021481e-03   2.017718e-03  -2.011948e-03   2.007918e-03   2.004726e-03   1.996249e-03  -1.992379e-03 
  5UTR.TCCGTCA   5UTR.ACTCAGC   5UTR.TGCCGGT   5UTR.GGAGCGA   5UTR.CGGCAGG   5UTR.TGTAGCA    5UTR.ACTCCC    5UTR.TGAGCG   5UTR.CTCGAAG   5UTR.TATTAGC   5UTR.AGGTTGG   5UTR.CTTCAGT       5UTR.CGG   5UTR.CTGCTAG   5UTR.CGCAGGC 
 -1.981388e-03  -1.966025e-03   1.941115e-03  -1.909361e-03   1.904376e-03  -1.893321e-03   1.885371e-03  -1.883473e-03   1.866434e-03   1.853729e-03   1.833324e-03   1.830209e-03  -1.819635e-03  -1.814048e-03   1.794583e-03 
  5UTR.CCGTGGC   5UTR.TGTAGGG   5UTR.GCAATCG      5UTR.ACGT    5UTR.CTTCAG   5UTR.GCGGTCA   5UTR.TACGAGC   5UTR.GCCTCGG   5UTR.TCCGGAT   5UTR.CTGATGT   5UTR.GTGAATC   5UTR.TTTTCGG   5UTR.GTATTTA   5UTR.GAACAAA   5UTR.GTGGCGG 
  1.767570e-03  -1.764476e-03  -1.757233e-03  -1.754407e-03   1.751622e-03  -1.751435e-03  -1.749164e-03  -1.745861e-03  -1.731147e-03   1.703980e-03   1.695652e-03  -1.690890e-03  -1.662441e-03   1.660316e-03  -1.617199e-03 
     Codon.CCT    5UTR.TCCACC   5UTR.AGGGCGA   5UTR.CAAGGGA   5UTR.TTCATAT   5UTR.GCATATG    5UTR.AGGGCG   5UTR.ACATACG   5UTR.ACTTCAG   5UTR.GAGCAAT   5UTR.AGTTCGT      Codon.ACC   5UTR.CTTAAAT   5UTR.GCTATGG    5UTR.GGGTCC 
 -1.586454e-03   1.564361e-03   1.554484e-03   1.533044e-03   1.522869e-03   1.521106e-03   1.512416e-03   1.460984e-03   1.454967e-03   1.434684e-03   1.408196e-03   1.403731e-03   1.390471e-03   1.373310e-03   1.360004e-03 
     Codon.GAC   5UTR.TAGACAT      5UTR.TTAT   5UTR.ATCCGTT   5UTR.CTTCTTC    5UTR.GCGTAC   5UTR.TGCTAGC   5UTR.ATAGAAC   5UTR.GGGAGTC   5UTR.GCCGCTC   5UTR.ACGATAG   5UTR.CCCCCTA   5UTR.TGGAGTC   5UTR.GCGTGTG   5UTR.CAAATAG 
 -1.354289e-03   1.346870e-03   1.344655e-03  -1.337911e-03  -1.331113e-03  -1.326067e-03  -1.323461e-03   1.320611e-03  -1.316313e-03  -1.310177e-03  -1.300957e-03   1.299460e-03  -1.296713e-03  -1.292013e-03   1.264313e-03 
  5UTR.AGCAACA   5UTR.CGATACG      5UTR.GGAA   5UTR.CACATAG   5UTR.CTTATAT   5UTR.CTGACCT   5UTR.CCTAGCG    5UTR.CGGATG   5UTR.TATAGGG        5UTR.CT   5UTR.AAGGCAC   5UTR.TATATTC   5UTR.CTATCCC   5UTR.ATAAGAT   5UTR.GGAATAT 
  1.237322e-03  -1.223477e-03  -1.182755e-03  -1.178634e-03  -1.152390e-03   1.140548e-03   1.120643e-03  -1.118377e-03  -1.113965e-03   1.101812e-03   1.083219e-03   1.071390e-03  -1.054842e-03   1.042820e-03   1.013332e-03 
     Codon.TTG   5UTR.CATCTCG   5UTR.CGATCTT   5UTR.AGTATGC    5UTR.AGGTAG   5UTR.TACAAGC   5UTR.ATGGGGT   5UTR.TGTCTTT   5UTR.AGGCACA    5UTR.GTATAA   5UTR.TCTTGCT    5UTR.AAACAC   5UTR.AACTTAT   5UTR.CTAGGCT      5UTR.GGGA 
 -1.010596e-03  -1.009981e-03  -1.000169e-03   9.981562e-04  -9.966252e-04   9.886497e-04   9.693179e-04  -9.668086e-04   9.591333e-04   9.485912e-04   9.400823e-04   9.377617e-04   9.280155e-04   9.243713e-04  -9.139228e-04 
  5UTR.GTGCGCA   5UTR.ATTTGGA   5UTR.GGGGCGG   5UTR.GTGTGGC   5UTR.TACAGTA   5UTR.ATACGCA   5UTR.CGAACGT   5UTR.CGAACCG    5UTR.GTAGTG    5UTR.TCCAAG   5UTR.TCTATTT    5UTR.CGTCTA   5UTR.CATAACC    5UTR.GAGAGA   5UTR.ATTTTTA 
  9.078249e-04  -9.027817e-04   9.007173e-04  -8.920478e-04   8.880152e-04  -8.706691e-04  -8.499705e-04  -8.446094e-04  -8.398257e-04   8.353595e-04  -8.319359e-04  -8.317129e-04  -8.264989e-04  -8.262214e-04  -8.145019e-04 
  5UTR.GCCCAAT   5UTR.ATAATGA     5UTR.ATCGC   5UTR.TCCACCT   5UTR.TTCAATA   5UTR.GGACGCG     5UTR.AATGA    5UTR.GTTGAA   5UTR.TTTGTTC   5UTR.GACGCGA   5UTR.CCGTCCA   5UTR.ACTACCT   5UTR.ATTGGAC   5UTR.TACAGGA   5UTR.TCGCCAG 
  8.009936e-04   8.007306e-04  -7.961852e-04   7.876764e-04   7.818358e-04  -7.807967e-04   7.603938e-04  -7.552760e-04  -7.309621e-04  -7.223595e-04   6.998959e-04  -6.922726e-04  -6.913828e-04   6.879918e-04  -6.848657e-04 
  5UTR.GTCAGCA   5UTR.GACGAGG    5UTR.CCTCCC   5UTR.GAAGATC   5UTR.CTCCCCT   5UTR.ATGACTA   5UTR.TCGCACA   5UTR.TCTGTGG       5UTR.GTT   5UTR.GGAACGA   5UTR.TGATTGA   5UTR.ACATCAT   5UTR.TAGTTGT   5UTR.ACGAGGG   5UTR.ATACTGA 
 -6.842875e-04   6.680571e-04   6.657460e-04  -6.624174e-04   6.624098e-04   6.555164e-04  -6.464927e-04  -6.456520e-04  -6.425534e-04  -6.420939e-04   6.372050e-04   6.362784e-04  -6.243791e-04   6.119730e-04   6.012751e-04 
  5UTR.CAATCCA   5UTR.TCAAGGG   5UTR.ATTGTTG   5UTR.CAACTAA   5UTR.ACCAACA   5UTR.ACCTGGC   5UTR.TGGGGAG   5UTR.TTGCTCG    5UTR.TGAGAA     5UTR.GCCGC   5UTR.GTTGTGA   5UTR.TTCAACC   5UTR.TCTCCCT   5UTR.CGTTCGA    5UTR.ACGCGA 
  6.011643e-04   5.988737e-04  -5.975487e-04   5.919064e-04   5.903560e-04   5.797407e-04   5.743521e-04   5.672012e-04   5.616786e-04  -5.510360e-04  -5.501240e-04   5.341578e-04   5.153687e-04  -5.151075e-04  -4.877052e-04 
  5UTR.GGAGAAA   5UTR.GGCCGCC   5UTR.AGCCCCT    5UTR.TTGTTC   5UTR.ACTTACA    5UTR.CTTATC   5UTR.CAAAGGA     5UTR.AGAAT   5UTR.CTCTAGG    5UTR.TTCGAT    5UTR.GGGAGT   5UTR.TATTTCC    5UTR.ACCACC         UTR3GC   5UTR.CTTATTC 
  4.844389e-04  -4.727139e-04   4.616237e-04  -4.589669e-04   4.547038e-04   4.356418e-04   4.322067e-04   4.229848e-04   4.174241e-04   4.115111e-04  -3.941345e-04   3.814057e-04  -3.694874e-04   3.685143e-04   3.672012e-04 
  5UTR.GATAAAG   5UTR.CCCTCAT   5UTR.ACTAAAC   5UTR.CTGGAAA   5UTR.GACTTCG   5UTR.TGAGGCT    5UTR.CGTATT   5UTR.CCACCAC   5UTR.ATCGCAC   5UTR.ATCAAAC   5UTR.GGCGTAC   5UTR.ACTCAAG   5UTR.CCCAGAA    5UTR.TCGCGG   5UTR.TCCAGTC 
  3.643354e-04   3.558716e-04   3.525282e-04   3.496046e-04   3.493167e-04   3.387808e-04  -3.045714e-04  -3.007720e-04  -2.982474e-04  -2.879370e-04  -2.852435e-04   2.760535e-04   2.754101e-04  -2.470396e-04   2.452388e-04 
  5UTR.TTCCAAA   5UTR.GGGTATG   5UTR.CTGAGTA   5UTR.GTATAAT   5UTR.CGGGCGT     5UTR.ATAAG   5UTR.ACAAAGA   5UTR.TTGCTTA   5UTR.CCCCCGC     5UTR.CCCTG    5UTR.GTCTCG   5UTR.AAGGTCT    5UTR.GATGGG     5UTR.AGTCG    5UTR.CGTCAA 
  2.358426e-04   2.142965e-04   2.074626e-04   1.975832e-04  -1.948107e-04   1.880326e-04   1.692241e-04   1.619794e-04   1.599225e-04   1.585433e-04  -1.531811e-04   1.399172e-04   1.396123e-04  -1.291231e-04  -1.009339e-04 
  5UTR.CCTAGTC   5UTR.ACCGTAC   5UTR.TTAAAAC   5UTR.AGGTACG   5UTR.CTTCAGA   5UTR.CACCTGC   5UTR.TACAGGG   5UTR.CGGCCGC    5UTR.AAGACG   5UTR.GTACAGT   5UTR.AGGTGTC   5UTR.GTTCGCC   5UTR.TCTGACA   5UTR.ATGGCCA   5UTR.AGACCTT 
  9.792888e-05  -9.555473e-05   9.045312e-05  -8.934747e-05   8.412637e-05   7.978345e-05   6.837556e-05  -6.224945e-05  -6.197007e-05   5.456929e-05  -5.310262e-05   5.223093e-05   4.741178e-05   4.506407e-05   3.987074e-05 
   5UTR.GTGGCG   5UTR.CAACCCA   5UTR.ACGCAAG   5UTR.CGTGTCG   5UTR.GAAATAC    5UTR.CCGGAG    5UTR.TCATCC    5UTR.AACGCC   5UTR.ATCTCCG       5UTR.TCA   5UTR.GCTAGCC    (Intercept) 
 -3.670197e-05  -3.196928e-05  -3.027270e-05   2.200580e-05  -2.113814e-05  -2.033575e-05  -1.865376e-05  -8.870993e-06   7.077820e-06   5.610395e-06  -3.469076e-06   4.386609e-16 
[1] 477
[1] "0.576128694354434"
[1] "0.565396205608524"
[1] "0.555472911137018"
[1] "0.552591838137166"
[1] "0.547057876184323"
[1] "0.596517481723213"
[1] "0.571973820278387"
[1] "0.530247677992479"
[1] "0.568569013215172"
[1] "0.566961260626597"
          [,1]
[1,] 0.5643064
          [,1]
[1,] 0.5625897
null device 
          1 
