[1] "With Ensembl IDs + Features:  13744"
[1] "Dimensions:  13744" "Dimensions:  74"   
               GENEID   HALFLIFE  UTR5LEN   CDSLEN INTRONLEN
1  ENSMUSG00000000001  0.8801540 2.146438 3.022882  4.551671
2  ENSMUSG00000000028 -1.5803817 2.492900 3.225335  4.468452
3  ENSMUSG00000000037  5.2434712 2.324488 3.459709  4.949781
4  ENSMUSG00000000056 -1.4584127 1.851870 3.138334  4.153025
5  ENSMUSG00000000058  1.3303881 2.243286 2.684037  3.716429
6  ENSMUSG00000000078 -9.7325453 2.193403 2.977769  3.671737
7  ENSMUSG00000000085 -3.6135672 2.217747 3.323066  4.905662
8  ENSMUSG00000000088  5.5837170 1.682145 2.637590  4.021689
9  ENSMUSG00000000093 -2.6568000 2.744371 3.327584  3.762161
10 ENSMUSG00000000094 -0.4303181 2.152594 3.216984  4.423804
null device 
          1 
     lambda.min
[1,]  0.3340746
     lambda.min
[1,]  0.3308481
ORFEXONDENSITY        UTR3LEN      Codon.TGA      Codon.TAA         CDSLEN      Codon.TAG      Codon.CGG      Codon.TTA      Codon.AGC      Codon.AAA         UTR5GC      Codon.AGT        UTR5LEN      Codon.CAG      Codon.TCG 
  3.202977e-01  -1.345754e-01   1.078166e-01   1.019842e-01   8.710417e-02   7.994810e-02  -7.650789e-02  -7.334285e-02  -6.817882e-02  -6.304494e-02  -6.064851e-02  -5.875727e-02  -5.836802e-02  -5.642651e-02  -5.431414e-02 
     Codon.CAC      Codon.CAT      Codon.TGT      Codon.ACG      Codon.CCG      Codon.TCA      Codon.ATT      Codon.GAT      Codon.ATG      Codon.CGA      Codon.AGA      Codon.ATC      Codon.AGG      Codon.CTG      Codon.GGA 
 -5.391761e-02  -5.358147e-02  -5.066540e-02  -4.854309e-02  -4.715267e-02  -4.464770e-02   4.376352e-02   4.087720e-02   4.052098e-02  -4.025645e-02  -3.714751e-02   3.686491e-02  -3.631526e-02   3.579909e-02   3.538986e-02 
     Codon.GAC      Codon.TTG      Codon.TAT      Codon.TTC      Codon.TGG      Codon.GAA      Codon.CGC      Codon.GGT      Codon.TCC      Codon.GGG      Codon.GCC         UTR3GC      Codon.CCT      Codon.GTC      Codon.GTG 
 -3.373238e-02  -2.682839e-02   2.380273e-02   2.329969e-02   2.312665e-02  -2.297896e-02   2.151887e-02   2.071248e-02  -1.835011e-02   1.830242e-02   1.801461e-02   1.769994e-02  -1.752579e-02   1.693274e-02   1.618487e-02 
     Codon.GAG      Codon.GCT      Codon.ACC      Codon.ACA      Codon.CGT      Codon.TGC      Codon.CCC      Codon.GTA      Codon.AAT      Codon.AAG      Codon.CTC      INTRONLEN      Codon.GTT      Codon.CTT      Codon.CTA 
  1.613151e-02   1.608718e-02   1.466420e-02  -1.449642e-02   1.358195e-02  -1.228406e-02  -1.182714e-02  -9.842288e-03   9.645133e-03   9.543206e-03  -8.855461e-03  -8.473156e-03   8.053556e-03  -7.953043e-03  -7.719854e-03 
     Codon.CCA      Codon.GGC      Codon.TAC      Codon.ATA      Codon.TCT      Codon.AAC    (Intercept) 
 -4.654601e-03   4.468083e-03   2.947256e-03   1.524543e-03  -9.117878e-04   4.754402e-04   4.677164e-16 
[1] 67
[1] "0.576640227141402"
[1] "0.573340738292479"
[1] "0.562471141407865"
[1] "0.553914290665183"
[1] "0.547389454128484"
[1] "0.606177735716463"
[1] "0.5794791617782"
[1] "0.536889503592602"
[1] "0.578892602950161"
[1] "0.569149680598188"
          [,1]
[1,] 0.5717371
          [,1]
[1,] 0.5679478
null device 
          1 
