[1] "With Ensembl IDs + Features:  13744"
[1] "Dimensions:  13744" "Dimensions:  21918"
               GENEID   HALFLIFE  UTR5LEN   CDSLEN INTRONLEN
1  ENSMUSG00000000001  0.8801540 2.146438 3.022882  4.551671
2  ENSMUSG00000000028 -1.5803817 2.492900 3.225335  4.468452
3  ENSMUSG00000000037  5.2434712 2.324488 3.459709  4.949781
4  ENSMUSG00000000056 -1.4584127 1.851870 3.138334  4.153025
5  ENSMUSG00000000058  1.3303881 2.243286 2.684037  3.716429
6  ENSMUSG00000000078 -9.7325453 2.193403 2.977769  3.671737
7  ENSMUSG00000000085 -3.6135672 2.217747 3.323066  4.905662
8  ENSMUSG00000000088  5.5837170 1.682145 2.637590  4.021689
9  ENSMUSG00000000093 -2.6568000 2.744371 3.327584  3.762161
10 ENSMUSG00000000094 -0.4303181 2.152594 3.216984  4.423804
null device 
          1 
     lambda.min
[1,]  0.3975498
     lambda.min
[1,]  0.3956688
ORFEXONDENSITY        UTR3LEN         ORF.TG      Codon.TGT      Codon.AGT      Codon.CAT      Codon.TTA        UTR5LEN      Codon.CGG      Codon.AGC         UTR5GC      Codon.AGG      Codon.ATC      Codon.CAC        ORF.ATG 
  3.171927e-01  -1.330243e-01   5.652261e-02  -5.551868e-02  -5.069020e-02  -4.833939e-02  -4.209203e-02  -4.022623e-02  -3.837737e-02  -3.733523e-02  -3.607949e-02  -3.510901e-02   3.368069e-02  -3.192935e-02   3.068937e-02 
     Codon.TAA      Codon.TCA    ORF.CCCATGT      Codon.TTC        ORF.TGG      Codon.TCG      ORF.ACCTC      ORF.GGACT      Codon.GGA      Codon.ACG       ORF.AAGG    ORF.GCTTAGT        ORF.AGC    ORF.GGCCTAT      ORF.TTCAG 
  2.824263e-02  -2.731024e-02   2.726089e-02   2.563856e-02   2.517387e-02  -2.485110e-02  -2.100071e-02  -1.937428e-02   1.761800e-02  -1.734677e-02   1.678720e-02  -1.676207e-02  -1.577998e-02   1.518062e-02  -1.494511e-02 
   ORF.CGCTATG      Codon.TGA       ORF.ACTC    ORF.TTTTAGG     ORF.ATGGAC      Codon.TTG    ORF.CGATCCC     ORF.GACTTG      Codon.CGA      Codon.ATT     ORF.TCATTG    ORF.GACTGCC       ORF.TAGA     ORF.ACAGAC    ORF.ACATCTT 
  1.428172e-02   1.409266e-02  -1.402334e-02   1.402021e-02  -1.399502e-02  -1.375351e-02   1.364587e-02  -1.358395e-02  -1.280016e-02   1.279915e-02   1.221304e-02  -1.209527e-02  -1.209255e-02  -1.197304e-02  -1.179636e-02 
   ORF.ACCTTTT    ORF.CCTTGGC      Codon.CCG    ORF.CAGCGCA     ORF.TCACTG      Codon.GCC     ORF.GACAGT    ORF.GGTGAGA    ORF.ACAACGG    ORF.TTCTGTG    ORF.CTAGCTC    ORF.ACTTAAA        ORF.GGG    ORF.TAAGTAG     ORF.ATAGAC 
 -1.178156e-02   1.177608e-02  -1.175871e-02  -1.168453e-02   1.154291e-02   1.132614e-02  -1.096568e-02  -1.024544e-02   1.004685e-02   9.849416e-03  -9.822217e-03  -9.706089e-03   9.666060e-03  -9.652071e-03  -9.514421e-03 
    ORF.ACAACC     ORF.TTCTTG      ORF.TCACT    ORF.AATGTGG     ORF.CTTCCC     ORF.AAGTGT    ORF.CACAAGT      Codon.TAG    ORF.ACCGCTA    ORF.CCATGAT    ORF.TTAGACT      ORF.CGGAA    ORF.CTTTTCA    ORF.AACGGCG      Codon.ACC 
  9.375927e-03   9.319148e-03   9.274059e-03  -9.126764e-03  -9.090366e-03  -9.048338e-03  -9.004175e-03   8.857852e-03   8.817030e-03   8.786301e-03  -8.693627e-03  -8.657487e-03  -8.581160e-03  -8.577350e-03   8.508332e-03 
   ORF.TTTTACC    ORF.TTGAATG     ORF.TCTCAC     ORF.AAGAGG        ORF.CAG     ORF.ACGGCC      ORF.AGACT     ORF.ACCTCG    ORF.GCGCGCA       ORF.CGGA    ORF.AAAACAG    ORF.CCCCACC      ORF.GCTGA    ORF.TTTTCGT      Codon.AGA 
 -8.451483e-03  -8.335660e-03   8.239684e-03  -8.112188e-03  -8.110244e-03  -7.978959e-03  -7.969382e-03  -7.846473e-03   7.799663e-03  -7.798500e-03  -7.778973e-03  -7.778697e-03   7.723742e-03  -7.691392e-03  -7.543496e-03 
   ORF.AGGGCAA    ORF.AACATCA     ORF.CAGCAC    ORF.GGCTACG    ORF.TCGTCCA     ORF.TCCTAT     ORF.ATCGCT    ORF.AGCGGAA        ORF.AGG    ORF.CTCTTAT    ORF.CGTCCGA    ORF.GCCGGAC    ORF.TCTGGTT     ORF.TATTCC    ORF.ACTTGCA 
  7.457150e-03   7.442903e-03  -7.431127e-03   7.347347e-03  -7.213299e-03   7.187455e-03   7.054266e-03  -7.003618e-03   6.996033e-03   6.926267e-03  -6.881900e-03  -6.876099e-03   6.781453e-03   6.765936e-03  -6.722208e-03 
   ORF.CCAGCAT    ORF.TCAACTA    ORF.TCTGCGT    ORF.GTTCAGA    ORF.ACTGTCA    ORF.GCAGTTA    ORF.CAATATC    ORF.ACTTCTT      ORF.TAAGT    ORF.TTCATTT    ORF.CGAGTAA      ORF.GCCGT    ORF.TTAAAAG    ORF.TACTTTT    ORF.AACCAGG 
 -6.709073e-03   6.685698e-03  -6.491669e-03  -6.466226e-03   6.279279e-03  -6.228225e-03   6.212621e-03   6.087685e-03  -6.081515e-03   6.053052e-03  -6.028171e-03  -5.937963e-03  -5.920618e-03   5.862554e-03   5.787875e-03 
   ORF.TGAGGTT    ORF.TGTGGGA     ORF.GAGCGG     ORF.ACTCAC    ORF.GATAAAC      ORF.TCAAT    ORF.GCCCGTC    ORF.ATCTATG    ORF.CCATGTA     ORF.GTAAGG    ORF.CGTTATG     ORF.AGGAGA     ORF.ATCTAT      ORF.CAAGG    ORF.GAACGCG 
  5.783675e-03  -5.744668e-03  -5.721634e-03  -5.675552e-03  -5.672701e-03   5.629689e-03  -5.618826e-03   5.598476e-03   5.593001e-03  -5.589646e-03   5.588322e-03   5.586688e-03   5.581007e-03   5.564742e-03   5.545293e-03 
   ORF.CTCAGGG       ORF.CTGA    ORF.CCGAGCA    ORF.GGTCATG     ORF.CGATCC    ORF.GGTTTTC     ORF.TTACAG    ORF.CCATCAA     ORF.ATTTGC      Codon.GTC       ORF.TAAA    ORF.TCAACCG     ORF.TCGCGG    ORF.AAGACGA     ORF.TGAGGG 
 -5.543974e-03   5.409893e-03  -5.319502e-03   5.317477e-03   5.301691e-03   5.290240e-03  -5.261076e-03   5.235592e-03  -5.184192e-03   5.115734e-03  -5.092568e-03  -5.065455e-03   5.064138e-03  -5.043562e-03   5.040686e-03 
    ORF.TGACAC    ORF.CGACATA     ORF.GGGAGG    ORF.CAACTAT    ORF.GTCGGTC    ORF.ACAGACT    ORF.AGCCATG    ORF.CCTCGAC    ORF.CCCCTGT    ORF.AAGTCAA      ORF.AGCCC    ORF.GACGCAA    ORF.GGAAAAA    ORF.GCGCTCG      ORF.TTGAA 
  5.032803e-03  -5.032499e-03   5.011430e-03   5.001267e-03   4.977908e-03  -4.813277e-03   4.806174e-03  -4.781566e-03  -4.752365e-03   4.737540e-03  -4.697426e-03   4.674557e-03  -4.653372e-03   4.612383e-03  -4.601303e-03 
   ORF.CAGGACT    ORF.GCTGAGG    ORF.TCCGTCG    ORF.AATTCAC    ORF.GGGGCTC    ORF.CTTGACA    ORF.CTCCGGT      ORF.ACAGA     ORF.CGGAAA    ORF.CTCTGTT    ORF.CGAGTGA    ORF.ACTCATG    ORF.CTGAATA    ORF.TCAGCAA     ORF.GTGCCG 
 -4.593702e-03   4.584617e-03   4.553008e-03  -4.524352e-03   4.430930e-03   4.394505e-03  -4.366129e-03  -4.366058e-03  -4.362984e-03   4.347961e-03   4.335745e-03   4.328838e-03   4.302788e-03   4.277326e-03  -4.258816e-03 
   ORF.TTAACTG    ORF.GAACGGC    ORF.CATCTCT     ORF.ATCGCC    ORF.GCTGCTG     ORF.AGCGGC    ORF.ACCGGTC    ORF.AGGGCTA    ORF.GGTAACT    ORF.CTCTATG    ORF.CGGCACA    ORF.CTATAAA    ORF.GACCGGG    ORF.ATGGTCC     ORF.AATAAA 
 -4.186224e-03  -4.131054e-03   4.108470e-03  -4.053668e-03   4.044920e-03  -4.025750e-03  -4.006827e-03   4.001155e-03   3.964553e-03  -3.936483e-03  -3.923927e-03  -3.919724e-03   3.914623e-03   3.912148e-03  -3.906155e-03 
   ORF.GCTCTCA    ORF.CCTATGT     ORF.CCCCAC    ORF.TAGCCAT    ORF.AGCGCCC    ORF.CAAGGAA     ORF.AAAGTT     ORF.ACCATG    ORF.GAGTGCA      ORF.CGTCT     ORF.TCGGCG     ORF.AGATGG    ORF.AGATCAA    ORF.AAATGTG      ORF.TGTAA 
  3.898994e-03   3.868265e-03  -3.855566e-03   3.840911e-03  -3.833835e-03   3.817750e-03  -3.817686e-03   3.807128e-03  -3.802437e-03  -3.749868e-03  -3.745685e-03   3.740264e-03   3.719525e-03  -3.719457e-03  -3.706020e-03 
   ORF.AGTTCTA    ORF.GACCAAG     ORF.AGCCTC    ORF.GGGCTTG    ORF.ATTTTTT    ORF.TTCCCAC     ORF.GAAAAA    ORF.TCATCTA    ORF.GAGTTAT    ORF.GTGCAGC    ORF.CGCAAGG    ORF.CAATTTC    ORF.CAGTGAC    ORF.ATTATTG    ORF.GGTGGAC 
  3.677456e-03   3.668605e-03  -3.661024e-03   3.650971e-03   3.644765e-03   3.629058e-03  -3.624181e-03   3.621179e-03   3.618396e-03  -3.616276e-03  -3.615477e-03   3.581583e-03  -3.548789e-03   3.542917e-03  -3.527826e-03 
   ORF.AATCCAA    ORF.CTTGAGG     ORF.TAGAGG    ORF.AAAAAGT      ORF.GAACT    ORF.TGGTCCA     ORF.TGGTGC    ORF.GTACTGT    ORF.TAGCGTA    ORF.TTTGCAA    ORF.CCCTCAC     ORF.CGGGTT    ORF.GTATTGC      ORF.GGGGT       ORF.CAAC 
  3.514540e-03   3.509252e-03   3.487188e-03  -3.453789e-03  -3.444913e-03   3.442905e-03  -3.409298e-03  -3.386324e-03  -3.361152e-03  -3.329699e-03  -3.304402e-03   3.301941e-03  -3.301371e-03   3.295492e-03   3.288296e-03 
     ORF.CAGTA    ORF.CTGGCAA    ORF.GATCGCG      ORF.AACGG    ORF.TAACATC    ORF.GCTACCA    ORF.GAAGTAA    ORF.ATCGGAC    ORF.AGCTCGG    ORF.ATAGGAA    ORF.TTTATAC     ORF.CGCGAT    ORF.AGTCTTC    ORF.AGAGGCA       ORF.CGTC 
 -3.278176e-03   3.245927e-03   3.232618e-03  -3.211464e-03   3.189069e-03  -3.154200e-03   3.143373e-03   3.140813e-03  -3.101073e-03  -3.070951e-03   3.037095e-03   3.029047e-03  -3.025415e-03   3.009763e-03  -3.005220e-03 
    ORF.CTTCGG    ORF.CGTTCAC    ORF.ACTTTAG    ORF.CAAAGAT    ORF.GCCACCT     ORF.TTAAAT     ORF.GATTCG    ORF.CGACGGT    ORF.CGTGAAG    ORF.ATGAGAG    ORF.AGTTATA    ORF.CCTACGG    ORF.CGGTACA     ORF.TAGTAC     ORF.CCATGA 
 -3.003846e-03  -3.003623e-03  -3.002320e-03   2.997662e-03  -2.971079e-03  -2.956971e-03   2.868365e-03  -2.847827e-03   2.812224e-03   2.807944e-03   2.798723e-03  -2.764302e-03   2.763775e-03  -2.740635e-03   2.728917e-03 
      ORF.TGAT      ORF.TGCTC    ORF.TATGTCA    ORF.CGTTAAA       ORF.AAAC     ORF.CGGCAG    ORF.TATATAC    ORF.AAGAGGC    ORF.GACCGTA    ORF.CAGTTAC    ORF.TTGACCC    ORF.TTCAGCT     ORF.CTGCGT     ORF.CGGGGC    ORF.AGTCCCG 
  2.727514e-03   2.688313e-03  -2.675362e-03  -2.666831e-03  -2.658131e-03  -2.647505e-03   2.638926e-03  -2.631930e-03   2.620015e-03  -2.614408e-03  -2.603062e-03  -2.586561e-03  -2.525155e-03   2.521799e-03  -2.514639e-03 
   ORF.TCCAGTC    ORF.AATGGTA      ORF.CCTTA    ORF.GATGAGA    ORF.GGACGGT    ORF.GGCAACA    ORF.TCATTCT    ORF.AACGGGA    ORF.GAAGTGT    ORF.CCGATGT    ORF.CCAAGAT      ORF.AATCT    ORF.AAACCTC    ORF.GAGGCAA    ORF.GCTCCGG 
 -2.513022e-03  -2.511041e-03  -2.499427e-03   2.496403e-03  -2.494856e-03   2.478332e-03   2.476656e-03  -2.453153e-03  -2.444654e-03   2.442978e-03   2.428939e-03   2.425220e-03  -2.423735e-03   2.408727e-03  -2.381388e-03 
   ORF.GAAGCCC    ORF.CGGACGC    ORF.ACGTACT    ORF.AAAAGCC    ORF.TCAGAAC    ORF.GAAAAGT    ORF.ACAGTGC    ORF.CTCAATC    ORF.GAGCCGG    ORF.GAGTTCC     ORF.ACGCTA    ORF.TTGACGC      ORF.TGACG    ORF.GACTTTG    ORF.CTATGTA 
 -2.370923e-03   2.370886e-03  -2.369021e-03  -2.359965e-03  -2.342100e-03   2.340742e-03  -2.337975e-03   2.335523e-03  -2.321134e-03   2.317882e-03  -2.313663e-03  -2.297774e-03   2.286746e-03  -2.271888e-03   2.267818e-03 
   ORF.GGATGTC      ORF.ATCGG     ORF.ACCTCA    ORF.AGTCGCA    ORF.GGGCTCA    ORF.GTAAATC    ORF.TCAGCCC    ORF.TCTGCGA    ORF.TGGTGGC     ORF.ATGAGC    ORF.TGTAACA    ORF.AAGTCTT       ORF.TGCA    ORF.TAACGCA      ORF.TTAAA 
  2.266192e-03  -2.254331e-03  -2.251937e-03   2.251304e-03   2.246574e-03  -2.246520e-03  -2.246376e-03  -2.246254e-03   2.240070e-03  -2.220852e-03  -2.218554e-03  -2.213681e-03  -2.197184e-03  -2.193932e-03  -2.193886e-03 
   ORF.AACTTGG    ORF.TCTGTGT    ORF.ACCCGCG    ORF.TCTGGGG     ORF.TAGTTC     ORF.TTGCTC    ORF.GGTTGTT    ORF.GTAGTAC    ORF.TGCTCAA      ORF.CGGAC    ORF.AATCAGC     ORF.TCACGT     ORF.TGAGAT    ORF.TCCTCGA    ORF.TTTTGGC 
 -2.193187e-03   2.173202e-03   2.154320e-03   2.141006e-03  -2.138760e-03   2.128010e-03   2.124250e-03  -2.123383e-03   2.121305e-03  -2.086373e-03   2.086258e-03  -2.068299e-03   2.049536e-03  -2.032182e-03  -2.029573e-03 
   ORF.GTATCGT    ORF.TGTGGAA    ORF.GTGTATA    ORF.GCAAAGT    ORF.GCAATCA    ORF.TTTGGAC    ORF.TAGGATC    ORF.ATCGCTA     ORF.CGTCAT    ORF.GTTAACA    ORF.TAAGGGC    ORF.ATCGTGC     ORF.TGCCAG    ORF.CCTCGCT      ORF.TGCGT 
 -2.016722e-03  -2.014557e-03   1.980785e-03  -1.960626e-03  -1.951427e-03  -1.941613e-03  -1.935846e-03   1.933928e-03  -1.929976e-03   1.909267e-03  -1.908932e-03  -1.895693e-03   1.895290e-03  -1.894752e-03  -1.888175e-03 
   ORF.CGGACTC    ORF.CGCGGCC    ORF.AGAACCT    ORF.GACCCGG      ORF.TCACG      Codon.CAG      ORF.TAAAT    ORF.TCGGCAA    ORF.TTGGCGG     ORF.AACAGA      ORF.AAAAA    ORF.TATCCTA    ORF.CCAAAGT    ORF.TTAGCTA    ORF.AGCACTT 
 -1.884097e-03   1.878193e-03  -1.875590e-03   1.870268e-03  -1.869276e-03  -1.861191e-03  -1.847464e-03  -1.847373e-03  -1.846523e-03  -1.844548e-03  -1.837082e-03   1.836973e-03   1.805847e-03   1.793705e-03  -1.793655e-03 
   ORF.CGTCAAG    ORF.ACTCATA    ORF.TCCCCCC    ORF.AACCAGT    ORF.TCACTTG     ORF.ATATCA    ORF.GATAACT     ORF.CGGTGC    ORF.CGTCGAA    ORF.ATTCGCT    ORF.GCTCGAG    ORF.GCCCCCA    ORF.TCTACAC    ORF.CAATGAA    ORF.AACAACC 
 -1.784156e-03  -1.775416e-03  -1.763475e-03   1.762086e-03  -1.757512e-03   1.743182e-03   1.739416e-03  -1.723800e-03  -1.722726e-03   1.706333e-03   1.700524e-03  -1.696470e-03   1.682296e-03   1.668840e-03   1.653697e-03 
   ORF.CCGCGGG     ORF.CAACCC    ORF.AGGCTAA    ORF.CTTGCTG    ORF.ATAAGTG    ORF.ACTCACA    ORF.GGGATCA    ORF.GTTGCTC    ORF.TAGTTCC    ORF.ATGGCAT    ORF.TTCTTCG    ORF.TGATTTA    ORF.ACCTTCT    ORF.TCTGTAG    ORF.TCAGGGG 
  1.619176e-03   1.614715e-03   1.608669e-03   1.605316e-03  -1.605188e-03  -1.582338e-03  -1.561734e-03   1.547346e-03  -1.542791e-03   1.533012e-03  -1.532675e-03   1.513947e-03  -1.506059e-03  -1.493953e-03  -1.487493e-03 
   ORF.GAAAGCA    ORF.TAAACTG     ORF.TCACCC    ORF.GCCGTGT     ORF.GGGGTT    ORF.GAGGTTC     ORF.TCCAAC    ORF.TTCTTTT    ORF.GTTCGCC    ORF.CAATGTA    ORF.GCTCCCT      ORF.TCGGC    ORF.CCCTTAC    ORF.TTTACTA     ORF.GGTGCT 
 -1.484497e-03  -1.468875e-03  -1.455200e-03  -1.443131e-03   1.437998e-03   1.429011e-03   1.413099e-03   1.406066e-03  -1.402263e-03   1.401520e-03  -1.389054e-03  -1.378491e-03  -1.374739e-03  -1.370899e-03  -1.365815e-03 
   ORF.GACAGCT    ORF.CGCCCCC     ORF.TACCCT    ORF.GGATTGG    ORF.ACTGCCT    ORF.ACGCGGT     ORF.TGCAAA     ORF.TATCCT    ORF.GCACCCA    ORF.GGGGCCC    ORF.CTTAGGC    ORF.TCCGGGG    ORF.TCACTGT    ORF.TAGCGAC      Codon.CGT 
 -1.364075e-03  -1.353355e-03   1.348366e-03   1.344502e-03  -1.339651e-03  -1.336842e-03  -1.328589e-03   1.305764e-03  -1.303736e-03   1.298625e-03   1.268829e-03   1.267347e-03   1.252984e-03   1.232779e-03   1.217840e-03 
   ORF.AGACTGC    ORF.CACCTGG    ORF.TCCTATG     ORF.ATATAC    ORF.GGCGCCG    ORF.GCAGCTT    ORF.TACCCTC    ORF.TCACCCA      ORF.GTAAA      Codon.TGC    ORF.CGCGCAC         UTR3GC    ORF.ACCTCAG      ORF.AAACG    ORF.GTACCCC 
 -1.205830e-03   1.197885e-03   1.195915e-03   1.192232e-03  -1.190909e-03  -1.189649e-03   1.181337e-03  -1.180986e-03  -1.180554e-03  -1.177155e-03   1.175283e-03   1.159195e-03  -1.147557e-03  -1.146477e-03  -1.146171e-03 
   ORF.CGGCCTT    ORF.TGAAACA    ORF.GGAGCAA    ORF.TCTTTAT    ORF.GTTACAG     ORF.TGCTGA    ORF.TAGACTG    ORF.CCGACCG    ORF.CCGCATT    ORF.CGTCGCA    ORF.GTAAGTA    ORF.TTATCAG    ORF.TTTCAAC      ORF.AGGTA       ORF.GGTC 
 -1.140383e-03  -1.134694e-03  -1.125904e-03   1.120776e-03  -1.112427e-03   1.099584e-03  -1.094921e-03   1.093577e-03   1.091997e-03   1.089618e-03  -1.078321e-03   1.074686e-03  -1.053807e-03   1.045717e-03   1.030457e-03 
   ORF.CCCTACG    ORF.TTTGTTA    ORF.AGGCAGG    ORF.CCTACAC     ORF.GCTCCG    ORF.TGCGGTG    ORF.TTGGAAG    ORF.GTTTTTA    ORF.ACAACAA    ORF.ACTGAGC    ORF.TACATTG    ORF.GCACTTC    ORF.CAGTAAA    ORF.GAACAGT    ORF.ATGGCCT 
 -1.015348e-03  -1.004119e-03   1.003835e-03   1.002061e-03  -1.001655e-03  -9.946409e-04  -9.865256e-04  -9.766353e-04   9.450789e-04  -9.382832e-04   9.263284e-04  -9.184116e-04  -9.141904e-04  -9.078931e-04   9.044705e-04 
   ORF.ACATCCT    ORF.TAATATT     ORF.ATCACG    ORF.TTGTGAA      ORF.CATTG    ORF.TAGCAGA    ORF.CCTCACG     ORF.ACGTAG    ORF.GTATGCC     ORF.CCTTAT     ORF.GTACTA    ORF.CTCACAC    ORF.AAGTGAG    ORF.CTCGATG    ORF.TGGCTTA 
 -8.922486e-04   8.800525e-04  -8.747317e-04  -8.644254e-04   8.618506e-04  -8.613208e-04  -8.595621e-04  -8.553376e-04   8.546082e-04  -8.499909e-04   8.441721e-04  -8.160916e-04  -8.130254e-04  -8.129378e-04   8.044825e-04 
     ORF.AGCAG    ORF.AGTGACT    ORF.TTTAGAA       ORF.GGCT    ORF.CGCGGAG     ORF.AATGGA    ORF.ACAGCTC    ORF.CCCCAGG     ORF.GGACAG    ORF.ACAGAGT     ORF.GAAAGC     ORF.CACGCC    ORF.CCACCGT    ORF.GCGCTCA    ORF.AACCTCA 
 -7.987803e-04  -7.916771e-04  -7.863522e-04   7.753912e-04   7.566546e-04  -7.438677e-04  -7.316817e-04  -7.225865e-04  -7.108885e-04  -7.041155e-04  -7.032866e-04  -6.988418e-04  -6.941507e-04  -6.938067e-04  -6.870896e-04 
   ORF.CTCGCTC     ORF.AAGCTG    ORF.ATCATTC    ORF.CGCTCAC    ORF.TTGTAAT    ORF.GCACCGA    ORF.AGTGCCG     ORF.GCCCGT    ORF.GCTGGCT    ORF.ATGTTCG    ORF.GCTTGAA     ORF.GAGGCA    ORF.AATGGAC    ORF.TCGCCCA    ORF.ACGATAT 
 -6.756996e-04   6.668239e-04   6.474504e-04  -6.446817e-04   6.345050e-04  -6.314820e-04  -6.291238e-04  -6.240843e-04   6.184775e-04  -6.087551e-04  -6.085258e-04   6.047204e-04  -5.979329e-04  -5.798499e-04   5.769025e-04 
   ORF.CATCCGG    ORF.ACTCTGC    ORF.CGCCACC    ORF.CCATAGG    ORF.TGGATTC    ORF.AACCCAA    ORF.TGTACTT     ORF.AGGTAG      ORF.TGGTT    ORF.CTGATCC    ORF.CCGCTAT     ORF.GACTGT     ORF.AGAGAC    ORF.CACATTA    ORF.GTTAACG 
  5.758362e-04  -5.757351e-04  -5.703127e-04  -5.645464e-04   5.570370e-04   5.569548e-04   5.569287e-04   5.460934e-04   5.414648e-04   5.373706e-04   5.192366e-04  -5.133269e-04  -5.132297e-04  -5.053449e-04  -5.048721e-04 
   ORF.TGTGTAC     ORF.CTGGGG    ORF.GCGTATA    ORF.CACTTTA     ORF.GTTCTC    ORF.TGCGCAG     ORF.GACTTT    ORF.GCTCGCA    ORF.AACTCTG       ORF.AGAC    ORF.ATAATGA    ORF.GCCATGT    ORF.ACCATGG     ORF.CCTCGA    ORF.CTGTAAA 
  4.871704e-04   4.854114e-04  -4.735076e-04  -4.643185e-04   4.539751e-04   4.522553e-04  -4.365076e-04   4.321547e-04  -4.221334e-04  -4.179639e-04   3.964659e-04   3.952999e-04   3.904372e-04  -3.808593e-04  -3.651808e-04 
    ORF.CAGTTA      ORF.CGCCA     ORF.AAGTCC    ORF.GCAACCC    ORF.CTCTCCT     ORF.ATGAGA    ORF.AACACGC    ORF.CGACTAG    ORF.TCGCACT    ORF.CTATCCC     ORF.CCAGCA    ORF.ATCGCAG    ORF.GTAAGCC     ORF.TGCTCA       ORF.GGAC 
 -3.651732e-04  -3.611919e-04  -3.545639e-04   3.291471e-04   3.182994e-04   3.125775e-04  -3.053212e-04   2.978125e-04   2.811014e-04  -2.725399e-04  -2.656581e-04   2.655276e-04   2.479405e-04   2.367869e-04  -2.349465e-04 
   ORF.CACCAGT     ORF.AATCGA    ORF.AAAGAAT    ORF.TACTATC     ORF.AGGGAG    ORF.CAGTATT    ORF.TAGCCTT    ORF.TGCAAAG    ORF.TTGAGGG    ORF.TGAACGG       ORF.ACAG    ORF.TAGTACT    ORF.GTTCTAG    ORF.TAGATCG    ORF.GAGGGCA 
 -2.348621e-04  -2.241102e-04  -2.212858e-04   2.188786e-04   2.141182e-04  -2.110002e-04   2.076785e-04  -2.065820e-04   1.927346e-04  -1.764634e-04  -1.751316e-04  -1.691023e-04   1.636225e-04   1.628066e-04   1.514314e-04 
   ORF.AGGAATC    ORF.CTCGACC    ORF.GACTGTG    ORF.CAGGGAG       ORF.TGAC    ORF.TCCTATA    ORF.TTTGTCT     ORF.AGTCGA    ORF.TGAGGGA    ORF.GTACTAA    ORF.CATAACC    ORF.TTCAAGT    ORF.GGGCGGG    ORF.TGGATCG    ORF.ATATGCC 
 -1.510307e-04  -1.489820e-04  -1.468812e-04   1.443747e-04   1.430055e-04   1.415212e-04  -1.407096e-04   1.394609e-04   1.360479e-04   1.310489e-04   1.299668e-04   1.261779e-04   1.166711e-04   1.137779e-04  -8.584968e-05 
   ORF.ACCACCA    ORF.TTTAACC    ORF.TCGGAAA     ORF.TCTGTG    ORF.GTGCAAT    ORF.TCTAAAA    ORF.GGCCAGC    ORF.TATACCG    ORF.GGCATAA     ORF.ATCGCG    ORF.AGCACGC    ORF.AACCCCT    ORF.AATAACC    ORF.AAAAACC      ORF.GAAGG 
  7.618398e-05  -7.597990e-05  -6.698377e-05   6.585103e-05  -6.537923e-05  -6.490539e-05  -6.318277e-05  -6.307877e-05   5.123575e-05   4.684796e-05  -4.082376e-05   3.202983e-05  -2.491285e-05  -1.986809e-05   6.393668e-07 
   (Intercept) 
  4.088003e-16 
[1] 616
[1] "0.575890627343999"
[1] "0.569502963327568"
[1] "0.560519252539552"
[1] "0.551493955445849"
[1] "0.547134422359642"
[1] "0.604726953095063"
[1] "0.584597632027409"
[1] "0.5460340582223"
[1] "0.58309507454108"
[1] "0.565751284844987"
          [,1]
[1,] 0.5710611
          [,1]
[1,] 0.5683967
null device 
          1 
