[1] "With Ensembl IDs + Features:  13744"
[1] "Dimensions:  13744" "Dimensions:  21854"
               GENEID   HALFLIFE  UTR5LEN   CDSLEN INTRONLEN
1  ENSMUSG00000000001  0.8801540 2.146438 3.022882  4.551671
2  ENSMUSG00000000028 -1.5803817 2.492900 3.225335  4.468452
3  ENSMUSG00000000037  5.2434712 2.324488 3.459709  4.949781
4  ENSMUSG00000000056 -1.4584127 1.851870 3.138334  4.153025
5  ENSMUSG00000000058  1.3303881 2.243286 2.684037  3.716429
6  ENSMUSG00000000078 -9.7325453 2.193403 2.977769  3.671737
7  ENSMUSG00000000085 -3.6135672 2.217747 3.323066  4.905662
8  ENSMUSG00000000088  5.5837170 1.682145 2.637590  4.021689
9  ENSMUSG00000000093 -2.6568000 2.744371 3.327584  3.762161
10 ENSMUSG00000000094 -0.4303181 2.152594 3.216984  4.423804
null device 
          1 
     lambda.min
[1,]  0.3849579
     lambda.min
[1,]  0.3852172
ORFEXONDENSITY        UTR3LEN        ORF.TGG        UTR5LEN         UTR5GC        ORF.AGC       ORF.TAGA        ORF.ATG    ORF.CCCATGT       ORF.ACTC       ORF.AAGG         ORF.TG    ORF.GCTTAGT      ORF.ACCTC         CDSLEN 
  3.296963e-01  -1.327945e-01   7.095897e-02  -3.916229e-02  -3.800195e-02  -3.526642e-02  -3.156964e-02   2.946596e-02   2.761419e-02  -2.265440e-02   2.145663e-02   2.119558e-02  -2.080369e-02  -1.997325e-02  -1.869315e-02 
     ORF.GGACT       ORF.CGGA    ORF.GGCCTAT      ORF.TGTAA     ORF.ATGGAC       ORF.TGAC     ORF.GACTTG       ORF.TAAA        ORF.CAG    ORF.AATGTGG     ORF.AAGTGT      ORF.GCTGA       ORF.CAAC     ORF.GACAGT      ORF.TTCAG 
 -1.833729e-02  -1.774381e-02   1.766024e-02  -1.677932e-02  -1.608389e-02   1.588641e-02  -1.560097e-02  -1.547596e-02  -1.523448e-02  -1.496318e-02  -1.476056e-02   1.458381e-02   1.449795e-02  -1.443705e-02  -1.442133e-02 
     ORF.CATTG     ORF.TCATTG     ORF.TCACTG      ORF.CAAGG    ORF.CGCTATG    ORF.TTTTAGG    ORF.CTAGCTC    ORF.ACTTAAA     ORF.ACCTCG       ORF.CAGT      ORF.TAAGT     ORF.ACAGAC    ORF.GGTGAGA    ORF.ACCTTTT    ORF.TAAGTAG 
  1.428428e-02   1.416965e-02   1.371074e-02   1.354157e-02   1.341852e-02   1.327914e-02  -1.301378e-02  -1.270052e-02  -1.254442e-02  -1.250194e-02  -1.226237e-02  -1.222002e-02  -1.189558e-02  -1.182336e-02  -1.166111e-02 
   ORF.GACTGCC    ORF.CGATCCC     ORF.ATCGCT    ORF.TTGAATG    ORF.CAGCGCA    ORF.CCTTGGC     ORF.TTACAG      ORF.CCTTA    ORF.CTTTTCA    ORF.CCATGAT    ORF.ATCTATG    ORF.TTTTACC     ORF.TCCTAT       ORF.TGAT      ORF.TCAAT 
 -1.152606e-02   1.132781e-02   1.098643e-02  -1.094323e-02  -1.068410e-02   1.058603e-02  -1.055061e-02  -1.053585e-02  -1.051685e-02   9.997726e-03   9.958089e-03  -9.609224e-03   9.497452e-03   9.495409e-03   9.491502e-03 
     ORF.AGTGT    ORF.ACAACGG    ORF.ACATCTT    ORF.AACATCA    ORF.TTCTGTG       ORF.AGCA    ORF.CAATATC    ORF.AACGGCG    ORF.CAGTGAC    ORF.TTAAAAG    ORF.TCAACTA    ORF.TAGGATC    ORF.TCTGGTT    ORF.CACAAGT    ORF.TTAGACT 
 -9.474114e-03   9.305863e-03  -9.274495e-03   9.223510e-03   9.094178e-03  -8.991786e-03   8.938650e-03  -8.908711e-03  -8.875880e-03  -8.825517e-03   8.748866e-03  -8.747401e-03   8.713092e-03  -8.660222e-03  -8.563622e-03 
   ORF.TCATCTA    ORF.AGGGCAA     ORF.TATTCC        ORF.CAA        ORF.GAT    ORF.ACCGCTA    ORF.TGTGGGA    ORF.AGATCAA     ORF.AAGAGG         UTR3GC     ORF.TAGTTC     ORF.ACGGCC     ORF.ATCTAT    ORF.CCAGCAT    ORF.CCATGTA 
  8.529256e-03   8.527156e-03   8.478029e-03   8.453363e-03   8.451973e-03   8.380566e-03  -8.273383e-03   8.264607e-03  -8.230908e-03   8.207163e-03  -8.203319e-03  -8.161418e-03   8.132235e-03  -8.014131e-03   7.983699e-03 
   ORF.CGTGAAG    ORF.AAAACAG       ORF.TCAG    ORF.AACCAGG      ORF.TGCTG    ORF.ACTTCTT     ORF.GAAAAA     ORF.GAGCGG    ORF.CCATCAA     ORF.CAGCAC    ORF.GCGCGCA      ORF.AGCCC      ORF.CGGAA    ORF.GCCGGAC    ORF.ACTTGCA 
  7.930557e-03  -7.879179e-03  -7.842479e-03   7.787126e-03   7.755004e-03   7.745730e-03  -7.709701e-03  -7.683156e-03   7.626278e-03  -7.402000e-03   7.284085e-03  -7.250120e-03  -7.245583e-03  -7.232258e-03  -7.209161e-03 
   ORF.CGTCCGA    ORF.TCAGCAA    ORF.AAATGTG    ORF.AGTCTTC      ORF.AGACT    ORF.TTAACTG    ORF.TGAGGTT    ORF.CGACATA    ORF.AGCTCGG     ORF.TTCTTG     ORF.ACAACC    ORF.GGCTACG    ORF.TAACATC    ORF.GTTCAGA    ORF.CCCCACC 
 -7.200809e-03   7.159633e-03  -7.024383e-03  -7.012278e-03  -6.941575e-03  -6.936559e-03   6.926037e-03  -6.921204e-03  -6.857437e-03   6.852336e-03   6.826083e-03   6.684101e-03   6.642899e-03  -6.642745e-03  -6.616406e-03 
     ORF.TAAAT     ORF.ACTCAC    ORF.GCCCGTC    ORF.GGTTTTC    ORF.TCACCAT     ORF.ATAGAC      ORF.TCACG      ORF.TGCTC     ORF.TCGGCG     ORF.TAGAGG     ORF.CTTCCC     ORF.TAGTAC    ORF.AGTCCCG    ORF.GCAGTTA     ORF.GTAAGG 
 -6.557254e-03  -6.528653e-03  -6.520153e-03   6.470629e-03   6.451326e-03  -6.436923e-03  -6.431255e-03   6.381364e-03  -6.368053e-03   6.356982e-03  -6.323849e-03  -6.300399e-03  -6.205510e-03  -6.187823e-03  -6.018962e-03 
   ORF.CATCTCT      ORF.TCACT    ORF.CAACTAT    ORF.AGCGGAA     ORF.TGAGAT       ORF.CGTC    ORF.TTTAGAA         ORF.AC     ORF.ATTTGC    ORF.ATCGGAC      ORF.TCCTG    ORF.AACAACC    ORF.TACTTTT      ORF.GAAGG    ORF.AGGGCTA 
  5.947069e-03   5.935641e-03   5.931111e-03  -5.865260e-03   5.841363e-03  -5.816308e-03  -5.800489e-03  -5.781410e-03  -5.752322e-03   5.738114e-03   5.723355e-03   5.699434e-03   5.690902e-03   5.641474e-03   5.635246e-03 
   ORF.GGTAACT    ORF.ACAGACT      ORF.TGATC    ORF.TTTTCGT    ORF.TTTGCAA    ORF.ATTATTG    ORF.ACTGTCA    ORF.TTCATTT      ORF.AGCTG    ORF.AGCCATG     ORF.AGCGGC     ORF.GTGCCG    ORF.TCTGCGT    ORF.GATAAAC     ORF.TTAAAT 
  5.623776e-03  -5.619344e-03   5.605490e-03  -5.588559e-03  -5.545197e-03   5.532714e-03   5.511046e-03   5.468447e-03   5.431389e-03   5.416783e-03  -5.403616e-03  -5.368148e-03  -5.363688e-03  -5.302382e-03  -5.299883e-03 
    ORF.AAGCTG    ORF.CTCAGGG    ORF.ACCGGTC    ORF.CTGAATA     ORF.TATCCT    ORF.CGCGGCC    ORF.AGTTCTA    ORF.GACCAAG    ORF.GAGTGCA    ORF.CACACAG     ORF.GACTGT    ORF.AACGGGA    ORF.CGGCACA    ORF.GTACTGT    ORF.CCTATGT 
  5.287302e-03  -5.258288e-03  -5.241675e-03   5.241315e-03   5.220910e-03   5.194599e-03   5.135166e-03   5.121403e-03  -5.113924e-03  -5.104209e-03  -5.038346e-03  -5.009544e-03  -4.944457e-03  -4.930730e-03   4.904481e-03 
   ORF.ACTCATA     ORF.CCCCAC    ORF.ATTGGAT     ORF.GTAGCA    ORF.ACTCACA    ORF.CCAAGAT    ORF.CGTTATG    ORF.CTCCGGT    ORF.CAATTTC    ORF.TATATAC    ORF.CAGGACT    ORF.GCGCTCG    ORF.GAGGCAA     ORF.TACCCT     ORF.CGGCAG 
 -4.890484e-03  -4.873492e-03  -4.791796e-03  -4.754136e-03  -4.744917e-03   4.739699e-03   4.736163e-03  -4.714159e-03   4.708976e-03   4.666906e-03  -4.649767e-03   4.641745e-03   4.617151e-03   4.600740e-03  -4.578785e-03 
   ORF.CTATAAA    ORF.AAGATGG     ORF.TGAGGG     ORF.TTCCTG    ORF.ATTCACA      ORF.GGGGT    ORF.CACCTAC      ORF.TAGTT     ORF.AAAGTT    ORF.GACCGTA      ORF.AACGG    ORF.TAGCCAT    ORF.CCCCTGT    ORF.CTCTTAT     ORF.AAACAC 
 -4.571690e-03   4.545918e-03   4.514605e-03   4.510876e-03  -4.485661e-03   4.473995e-03   4.457284e-03  -4.418574e-03  -4.411748e-03   4.385164e-03  -4.379662e-03   4.376615e-03  -4.361946e-03   4.342344e-03  -4.328426e-03 
   ORF.GAACGGC     ORF.AGCCTC    ORF.TCACTTG    ORF.CAATGTA    ORF.CTATGTA     ORF.CGATCC     ORF.GATTCG    ORF.GACAGCT    ORF.CGAGTAA    ORF.TCCGTCG     ORF.TGACAC      ORF.TGCCA    ORF.ATGGTCC       ORF.ACAG    ORF.TCGTCCA 
 -4.271707e-03  -4.256803e-03  -4.256387e-03   4.251527e-03   4.169638e-03   4.162123e-03   4.152982e-03  -4.138870e-03  -4.102885e-03   4.091740e-03   4.091593e-03   4.083901e-03   4.052496e-03  -4.018864e-03  -4.016113e-03 
   ORF.GACCGGG    ORF.GCCACCT       ORF.CGGT    ORF.AAAAGCC      ORF.AGCGG    ORF.TCTACAT    ORF.GGGGCTC      ORF.AAACG    ORF.GAGCCGG    ORF.GCTCCGG    ORF.ACTTTAG     ORF.CGCGAT    ORF.CCTCGAC     ORF.TCGCGG    ORF.CCAAAGT 
  3.961535e-03  -3.947851e-03  -3.939795e-03  -3.935653e-03  -3.925101e-03   3.906699e-03   3.904338e-03  -3.890294e-03  -3.875053e-03  -3.839464e-03  -3.835302e-03   3.822310e-03  -3.788301e-03   3.770176e-03   3.748858e-03 
   ORF.TCTACAC    ORF.TGGTCCA    ORF.TAGCGAC     ORF.AATGGA    ORF.GAAGTAA       ORF.CTGA     ORF.AATTCA    ORF.ACCCGCG     ORF.AGGTAG     ORF.TCACGT    ORF.AAGTCTT    ORF.CGTTCAC    ORF.GGATGTC     ORF.AGAGAC     ORF.CAGTTA 
  3.736053e-03   3.723596e-03   3.698586e-03  -3.695494e-03   3.694668e-03   3.687707e-03  -3.671872e-03   3.669852e-03   3.669375e-03  -3.668413e-03  -3.662332e-03  -3.598222e-03   3.588332e-03  -3.573576e-03  -3.571320e-03 
   ORF.ATAGGAA    ORF.TCTGTAG    ORF.GAACGCG    ORF.TCTGGGG    ORF.CGGACGC     ORF.GTACTA    ORF.AGCGCCC    ORF.ACGATAT    ORF.GGTCATG     ORF.TTGCCA    ORF.ATGGCCT     ORF.GCTCCG    ORF.AATGGTA    ORF.TGCTCAA    ORF.GATGAGA 
 -3.559870e-03  -3.541696e-03   3.528547e-03   3.528336e-03   3.505294e-03   3.504896e-03  -3.499754e-03   3.479064e-03   3.470642e-03   3.464897e-03   3.438156e-03  -3.423329e-03  -3.422903e-03   3.406418e-03   3.395854e-03 
   ORF.TTCAGCT    ORF.GGACGGT    ORF.ACAGAGT    ORF.GTAGTAC    ORF.GCACATA    ORF.CTTCATT    ORF.TCTCGAT     ORF.AAGGAG    ORF.CCGCTAT    ORF.TCAACCG    ORF.TATGTCA    ORF.CACTTTA    ORF.CGCAAGG    ORF.ATCATTC    ORF.AGTGACT 
 -3.394460e-03  -3.372572e-03  -3.354644e-03  -3.352026e-03  -3.329663e-03   3.324572e-03  -3.321665e-03   3.302450e-03   3.289439e-03  -3.275986e-03  -3.256219e-03  -3.247282e-03  -3.237936e-03   3.236544e-03  -3.223694e-03 
   ORF.GGAGCAA    ORF.CAAGTGC     ORF.TTGCTC    ORF.TGAAACA    ORF.CGAGTGA     ORF.TCTCAC    ORF.GAAGTGT    ORF.ACAGTGC    ORF.CGGACTC    ORF.CTTCTGA    ORF.AAAAACC     ORF.AGGGTG    ORF.CGCCCCC    ORF.CCGAGCA    ORF.AAGAGGC 
 -3.218276e-03  -3.215277e-03   3.210717e-03  -3.192210e-03   3.185207e-03   3.184599e-03  -3.184087e-03  -3.156525e-03  -3.139827e-03  -3.130576e-03  -3.122457e-03   3.091256e-03  -3.081636e-03  -3.077759e-03  -3.076710e-03 
      ORF.AAAC    ORF.AAAAAGT    ORF.TAGCGTA    ORF.TTTGCAT    ORF.CTTGACA    ORF.TCACCCA    ORF.TCATTCT    ORF.AACTCTG    ORF.CCATAAG    ORF.CCTCGCT    ORF.GCAAAGT    ORF.TGTGGAA    ORF.ACCCTAT    ORF.CAATGAA    ORF.TCCTCGA 
 -3.069821e-03  -3.069434e-03  -3.065091e-03  -3.057419e-03   3.034018e-03  -2.999825e-03   2.991546e-03  -2.989671e-03  -2.977375e-03  -2.967805e-03  -2.966178e-03  -2.957255e-03  -2.954724e-03   2.935601e-03  -2.934626e-03 
   ORF.GCTGAGG    ORF.CTGGCAA     ORF.CCTCGA    ORF.AATCCAA    ORF.CAAAGAT    ORF.TACTATC     ORF.CTTCTT    ORF.TTCTTTT    ORF.TAACGCA    ORF.CACATTA    ORF.CATGTAC     ORF.GTTCTA    ORF.GAGTTCC    ORF.ATGGCAT    ORF.ACTCATG 
  2.896853e-03   2.893412e-03  -2.886628e-03   2.870344e-03   2.840451e-03   2.831265e-03   2.809491e-03   2.808419e-03  -2.806776e-03  -2.799166e-03   2.789627e-03   2.787495e-03   2.771027e-03   2.758734e-03   2.728775e-03 
   ORF.ACGAAAG    ORF.TCCCCCC    ORF.ACAGAGA     ORF.AAGTCC    ORF.TCCGGGG    ORF.GCCGTGT     ORF.CAACCC    ORF.GATCGCG     ORF.ACAAGT      ORF.CAGTA    ORF.TTGGAAG    ORF.CTCTATG    ORF.TCCCCAG    ORF.CAATCGG      ORF.ACTTG 
 -2.726495e-03  -2.701732e-03  -2.698128e-03  -2.687800e-03   2.683190e-03  -2.681189e-03   2.670585e-03   2.667040e-03  -2.646949e-03  -2.637018e-03  -2.629883e-03  -2.611306e-03  -2.577780e-03  -2.570317e-03  -2.556981e-03 
   ORF.ACCATGG    ORF.GTATGCC    ORF.GCTCTCA      ORF.GTAAA    ORF.CCACTCG    ORF.CAGTTAC    ORF.GAAAGCA     ORF.AGATGG    ORF.CCGGCGG    ORF.TCGGAAA     ORF.GGGAGG    ORF.GCTACGT      ORF.TTCCT    ORF.CTGATCC    ORF.AAACCTC 
  2.555404e-03   2.534726e-03   2.523535e-03  -2.505129e-03  -2.501254e-03  -2.486151e-03  -2.475054e-03   2.462459e-03  -2.420481e-03  -2.406508e-03   2.395057e-03   2.369267e-03   2.367812e-03   2.360162e-03  -2.358042e-03 
    ORF.CGGAAA    ORF.AAGACGA    ORF.ATTCGCT    ORF.TGTGTAC    ORF.CCCTCAC    ORF.CGACGGT    ORF.TTGTAAT       ORF.GCTG      ORF.GCCAA    ORF.AAAGAAT    ORF.GCTCCCT     ORF.AGGAGA    ORF.GTATCGT    ORF.TGGCTTA    ORF.GTAAAAA 
 -2.344326e-03  -2.327826e-03   2.327366e-03   2.319082e-03  -2.311223e-03  -2.309980e-03   2.309060e-03   2.283589e-03   2.283127e-03  -2.278423e-03  -2.278078e-03   2.270407e-03  -2.264036e-03   2.262271e-03  -2.260231e-03 
   ORF.CGTTAAA    ORF.CCGCGGG     ORF.TCGGGA    ORF.TACATTG    ORF.GGTGGAC    ORF.TTGTGAA    ORF.AACCTCA    ORF.TAAGGGC    ORF.AGCACTT    ORF.TCACTGT      ORF.CATAA    ORF.CAAGGAA    ORF.CAAGAGG    ORF.AATCAGC    ORF.GCCATCT 
 -2.255916e-03   2.252601e-03  -2.248259e-03   2.248059e-03  -2.234906e-03  -2.233290e-03  -2.230201e-03  -2.222885e-03  -2.217059e-03   2.215743e-03  -2.211689e-03   2.150636e-03  -2.144609e-03   2.132614e-03   2.127077e-03 
   ORF.GTGGGAA    ORF.GGAAAAA     ORF.CTTGGA    ORF.GACGCAA    ORF.TGGATTC    ORF.AACCAGT    ORF.ACCTCAG    ORF.TTGACGC    ORF.TGTAACA    ORF.CTTGAGG    ORF.TTAGCTA    ORF.TTCCCAC    ORF.ATAAGTG      ORF.TGACG    ORF.GGGGCCC 
 -2.125016e-03  -2.122254e-03  -2.117424e-03   2.117136e-03   2.095789e-03   2.094031e-03  -2.073418e-03  -2.057846e-03  -2.055149e-03   2.047049e-03   2.039200e-03   2.036873e-03  -2.029985e-03   2.027885e-03   2.027346e-03 
     ORF.TGGTC    ORF.ATTTTTT     ORF.AGCTCC    ORF.TCCAGTC    ORF.ATCGCTA    ORF.GCAGCTT    ORF.CCACCTC     ORF.CGGGTT    ORF.CACCAGT        ORF.GGG    ORF.CGCGGAG    ORF.GAGGGCA    ORF.TTTCAAC     ORF.ACCTCA      ORF.ACAGA 
  2.008455e-03   1.966035e-03  -1.962682e-03  -1.952064e-03   1.950928e-03  -1.950456e-03  -1.947620e-03   1.923220e-03  -1.916818e-03   1.908604e-03   1.905089e-03   1.902134e-03  -1.893845e-03  -1.891937e-03  -1.871867e-03 
   ORF.ATTAAGA      ORF.TATGC    ORF.AACTTGG    ORF.TTTAACC    ORF.GGGTACG    ORF.CTCTGTT    ORF.CTCTCGC    ORF.AGAAGGG    ORF.CACACGG    ORF.TTGGCGG    ORF.GCAATCA    ORF.GAGTTAT    ORF.AAGTCAA      ORF.TCGGC    ORF.GTAAGTA 
  1.865522e-03   1.862952e-03  -1.850963e-03  -1.845098e-03  -1.841175e-03   1.837960e-03  -1.837286e-03   1.830041e-03  -1.819565e-03  -1.811070e-03  -1.805803e-03   1.803428e-03   1.786686e-03  -1.771252e-03  -1.763433e-03 
   ORF.GTATTGC    ORF.GCTGGCT    ORF.GCCTATG     ORF.AAGCGG    ORF.CCCTTAC    ORF.AGACTGC    ORF.TCAGAAC    ORF.ACATTAG    ORF.AATGCCC    ORF.ACGTACT    ORF.GTTAACG    ORF.TCTTTAT    ORF.TGCTATC    ORF.TATCCTA     ORF.AGAAAC 
 -1.752684e-03   1.737569e-03   1.736287e-03  -1.730523e-03  -1.727811e-03  -1.727785e-03  -1.727209e-03  -1.715197e-03   1.712145e-03  -1.711411e-03  -1.704535e-03   1.694772e-03   1.691178e-03   1.690198e-03  -1.687528e-03 
   ORF.CAGTAAA     ORF.AGCACT      ORF.AGGTA     ORF.TCAAAG    ORF.GGTTGTT    ORF.CCGACCG      ORF.ATGCC    ORF.CTCGGCA    ORF.TGCGTAA    ORF.AGGCTAA    ORF.CCTACAC    ORF.ACAGCTC    ORF.AAGTGAG    ORF.TAGTCAA    ORF.CTCACAC 
 -1.679143e-03  -1.678223e-03   1.668974e-03   1.655232e-03   1.651755e-03   1.648062e-03   1.643319e-03  -1.628228e-03  -1.624488e-03   1.606198e-03   1.598052e-03  -1.591472e-03  -1.583022e-03  -1.580439e-03  -1.577948e-03 
    ORF.ATATCA     ORF.TAAAAG    ORF.GAAAAGT    ORF.CGTGAAA    ORF.ACTGCCT    ORF.CTCGAGT    ORF.TCTCTGT    ORF.ATCGCAG    ORF.TTCTTCT    ORF.CCCTACG       ORF.GCAC    ORF.GTGGCTA    ORF.TTTATAC    ORF.CAAGAAG    ORF.ATGCTGA 
  1.570535e-03  -1.545261e-03   1.522213e-03   1.516446e-03  -1.499910e-03  -1.499338e-03   1.493112e-03   1.485969e-03   1.480600e-03  -1.471973e-03  -1.468953e-03  -1.467815e-03   1.455696e-03   1.455234e-03   1.451062e-03 
    ORF.AGACTT     ORF.AATAAA     ORF.CTCCCC     ORF.CTGCGT    ORF.GGACAGC    ORF.TTGACCC     ORF.ACGCTA     ORF.GTTCTC    ORF.TGAGCCG      ORF.TTAAA    ORF.ACAAGCA     ORF.GAGCCG    ORF.TGAGCGA    ORF.GGCCATA    ORF.TAGCAGA 
 -1.446267e-03  -1.446125e-03  -1.437985e-03  -1.435099e-03  -1.404817e-03  -1.403431e-03  -1.401706e-03   1.399604e-03  -1.398965e-03  -1.380485e-03  -1.372573e-03  -1.368779e-03  -1.366902e-03  -1.364768e-03  -1.323201e-03 
    ORF.AACAGA    ORF.AAGAACG    ORF.ACGCGGT    ORF.CGCGAAA      ORF.GCCAT     ORF.GTGTGA    ORF.TACGACT    ORF.GGTCTCG    ORF.TGGATCG    ORF.GCACTTC     ORF.GGTGCT    ORF.AACCCCT    ORF.TAGACTG     ORF.CAATGA     ORF.TTGGCT 
 -1.319063e-03   1.312559e-03  -1.311273e-03   1.309689e-03   1.298448e-03  -1.292906e-03   1.253019e-03  -1.251239e-03   1.248461e-03  -1.244690e-03  -1.231754e-03   1.231357e-03  -1.204015e-03   1.193949e-03   1.191278e-03 
    ORF.GAATGT    ORF.CCTCACG    ORF.CGGTACA    ORF.TGTACTT    ORF.GTGCAAT    ORF.GAACAGT    ORF.TTTGGAC    ORF.CCTCTGG    ORF.GAGGTTC        ORF.AGT    ORF.GGGCTCA     ORF.GTACAA     ORF.AACTCT    ORF.TCTGTGT    ORF.GGGCTTG 
 -1.187130e-03  -1.177910e-03   1.157788e-03   1.154881e-03  -1.150719e-03  -1.148860e-03  -1.145979e-03  -1.134948e-03   1.128381e-03  -1.101993e-03   1.099621e-03   1.098844e-03  -1.095800e-03   1.074095e-03   1.065148e-03 
     ORF.TGCAA    ORF.TAGTACT    ORF.TCAGCCC    ORF.GATAACT    ORF.GATCGCT     ORF.TCTGTG    ORF.GATTAAC    ORF.GCACCGA     ORF.CGGTGC    ORF.TCGCACT    ORF.CCGTTCC    ORF.TTACATG    ORF.TTGAAAG     ORF.ACGTAG    ORF.GCAGGCC 
 -1.063532e-03  -1.052310e-03  -1.045677e-03   1.036477e-03   1.031966e-03   1.023897e-03   1.022448e-03  -1.021920e-03  -1.017935e-03   1.005602e-03  -9.901329e-04  -9.830514e-04  -9.599377e-04  -9.531903e-04   9.506022e-04 
   ORF.CTCTCCT    ORF.GTAAATC    ORF.GTGGTCA    ORF.CGCCACC    ORF.AGTTATA      ORF.TTGAT      ORF.GGTGA    ORF.TGGTGGC     ORF.CATCCG       ORF.TCGG    ORF.ACTGAGC       ORF.CCAA      ORF.GCCGT    ORF.TCAGGGG    ORF.TAATTCA 
  9.498010e-04  -9.481206e-04   9.433715e-04  -9.433586e-04   9.432930e-04   9.406914e-04   9.243333e-04   9.184328e-04   9.172940e-04  -9.098342e-04  -9.079742e-04   9.003019e-04  -9.000673e-04  -8.859354e-04  -8.733245e-04 
    ORF.TCTCTG    ORF.CTTGCTG    ORF.GCTCGTA    ORF.CGACTAG     ORF.CATAAG    ORF.TCTTCCT    ORF.GGACACG    ORF.TTGAGAT     ORF.ACCATG    ORF.ATGAAGG     ORF.CAAGAT    ORF.AAACACA      ORF.TCGGA     ORF.GCCGGC    ORF.GGCGCCG 
  8.718740e-04   8.685938e-04   8.607420e-04   8.553632e-04  -8.528333e-04   8.505707e-04  -8.479386e-04   8.436833e-04   8.425166e-04   8.299487e-04   8.280756e-04  -8.145410e-04  -8.059896e-04  -8.017176e-04  -8.004029e-04 
   ORF.AACCAAC      ORF.CTCGA    ORF.GGCCAGC    ORF.TCCTCAC    ORF.ACCGAAA     ORF.CTTCGG    ORF.AGCACGC    ORF.GAAGCCC    ORF.TCAACAT    ORF.CCCTTTA    ORF.AGAACCT       ORF.TGCA    ORF.GCTGGAC    ORF.GTGTGAC     ORF.GACTTT 
  7.885276e-04  -7.873591e-04  -7.680746e-04   7.661538e-04  -7.642785e-04  -7.605689e-04  -7.555327e-04  -7.550405e-04   7.523326e-04  -7.519136e-04  -7.370064e-04  -7.362329e-04   7.274218e-04  -7.214840e-04  -7.203881e-04 
   ORF.ATTTCTT    ORF.GACAACG    ORF.GCAACCC    ORF.CGCGGGT    ORF.ACCTTCT    ORF.GACCCGG    ORF.CTCGCTC    ORF.GTTACAG    ORF.TGCAACA    ORF.TGCGCCC    ORF.TCAGAGC    ORF.TAAGCAC    ORF.CGTCTGT     ORF.TATGCC     ORF.ATGAGA 
  7.104869e-04   7.049658e-04   7.024201e-04   7.012073e-04  -6.963248e-04   6.578979e-04  -6.459137e-04  -6.396166e-04  -6.203635e-04   6.202697e-04  -6.052794e-04  -6.009258e-04  -5.965987e-04   5.960307e-04   5.869994e-04 
   ORF.TATGCTC        ORF.ATC    ORF.TCTCCTT    ORF.TTAATCG    ORF.TTGAGGG    ORF.AATTCAC    ORF.GCCCCCA    ORF.CTCAATC     ORF.TGGTGC    ORF.CTTAAAG    ORF.TGAGGGA       ORF.TTCT    ORF.CGCTCAC    ORF.AGTGCCG    ORF.GTTAACA 
  5.838585e-04   5.745962e-04   5.574303e-04  -5.427754e-04   5.422965e-04  -5.411196e-04  -5.382723e-04   5.375491e-04  -5.295736e-04  -5.287722e-04   5.213004e-04   5.211181e-04  -4.926752e-04  -4.909651e-04   4.780610e-04 
    ORF.GGGGTT     ORF.TGGTGG    ORF.TAATATT    ORF.ATTATAT    ORF.ATCGAGA    ORF.TCGGGAC    ORF.ACTAAAG     ORF.TTTCAG    ORF.CAGGGCC    ORF.GGGATCA    ORF.ATTCTCT    ORF.CTTTCCA    ORF.CTACCGT    ORF.CATCCGG    ORF.AATAGGT 
  4.649302e-04   4.585432e-04   4.556860e-04  -4.458145e-04   4.457743e-04  -4.431931e-04   4.324550e-04  -4.283545e-04  -4.238325e-04  -4.199390e-04   4.114721e-04  -4.110493e-04   3.997435e-04   3.965813e-04  -3.960407e-04 
   ORF.TGTTATA    ORF.AGTTGCC      ORF.CGGAC    ORF.GGATTGG     ORF.AGTTAC    ORF.GCCATGT    ORF.TGCGCAG    ORF.TTCAAGT    ORF.CAGGGAG    ORF.ACTGCAG    ORF.CGTCGAA      ORF.TTTAC    ORF.CCAATCG     ORF.TGCCTA    ORF.TGTAGTA 
 -3.957257e-04  -3.917818e-04  -3.867302e-04   3.819522e-04  -3.778561e-04   3.554878e-04   3.539288e-04   3.528051e-04   3.509674e-04   3.492319e-04  -3.400944e-04  -3.332845e-04  -3.256924e-04   3.165042e-04  -3.164168e-04 
   ORF.TCATTGT    ORF.ACGTAGA    ORF.CCGCATT     ORF.ATCATT       ORF.TAGT    ORF.AAGCACT     ORF.GAAAGC    ORF.AAGGAGG    ORF.GTGTATA    ORF.GCTACCA    ORF.GCTCGAT     ORF.GCACAT    ORF.TGCAAAG     ORF.AGGCAG    ORF.TGATTTA 
  3.138886e-04  -3.128148e-04   3.120106e-04   3.025753e-04  -3.018005e-04  -2.974946e-04  -2.923626e-04   2.736173e-04   2.728022e-04  -2.689790e-04  -2.637208e-04  -2.577230e-04  -2.506214e-04   2.494084e-04   2.493733e-04 
   ORF.CCTGCTG    ORF.TCACATG    ORF.AGTAGTC    ORF.ACTCACC     ORF.TGTGAA    ORF.GCTTGAA     ORF.ATCGCG    ORF.TCAGAGT     ORF.TTGAGG      ORF.GAACT    ORF.TTTGTTA    ORF.GACCGCG    ORF.TGGAAGT    ORF.CTTGAAT    ORF.CGTCATT 
  2.443874e-04  -2.439890e-04  -2.347056e-04  -2.296641e-04  -2.258446e-04  -2.212391e-04   2.039215e-04  -1.969916e-04   1.927542e-04  -1.761738e-04  -1.760222e-04   1.702992e-04  -1.696825e-04  -1.674516e-04  -1.663582e-04 
     ORF.GCCTA    ORF.ATTTGCC      ORF.AAAAA    ORF.TTTGTCT    ORF.GTTGCTC    ORF.CCTACGG    ORF.CTTTCAG    ORF.CTTATAT    ORF.CACCTGG    ORF.CTGCGGG    ORF.GTGTTCT    ORF.AGTCTCT    ORF.CGTTTAC    ORF.GATTGGC    ORF.TGGTAAA 
  1.601205e-04  -1.515171e-04  -1.483976e-04  -1.450701e-04   1.444440e-04  -1.425303e-04  -1.422513e-04   1.415830e-04   1.362194e-04  -1.298805e-04   1.233247e-04  -1.131112e-04  -1.114052e-04   1.004310e-04  -8.733163e-05 
   ORF.AGGAATC    ORF.CCGTAGG    ORF.ATGGAAG     ORF.ATGAGC    ORF.CCGGTGG    ORF.ATCGTGC    ORF.TTATAAG     ORF.AGTAGT    ORF.GCACGCA       ORF.GACT    ORF.GCACCCA      ORF.GCACA     ORF.CTGGGG    ORF.CGTCAAG    ORF.CACATGA 
 -7.924500e-05  -7.819913e-05  -7.775803e-05  -5.947951e-05  -4.919398e-05  -4.592633e-05  -4.091867e-05  -3.540837e-05  -3.231601e-05  -2.172664e-05  -1.179031e-05  -8.141458e-06   8.129515e-06  -6.009264e-06  -2.361109e-06 
   ORF.TGCTGCT    (Intercept) 
  5.062965e-07   4.652205e-16 
[1] 707
[1] "0.55816557295173"
[1] "0.548460538230839"
[1] "0.541141295549896"
[1] "0.529031496124469"
[1] "0.529356009432433"
[1] "0.589356636604557"
[1] "0.56005391231029"
[1] "0.535562836029167"
[1] "0.570213925575106"
[1] "0.542991766235531"
          [,1]
[1,] 0.5499407
          [,1]
[1,] 0.5499339
null device 
          1 
