[1] "With Ensembl IDs + Features:  12981"
[1] "Dimensions:  12981" "Dimensions:  10"   
            GENEID   HALFLIFE  UTR5LEN   CDSLEN INTRONLEN
1  ENSG00000000003  8.6609546 2.045714 2.862191  3.774013
2  ENSG00000000457 -6.9291729 2.342620 3.345001  4.577654
3  ENSG00000000460  0.4409086 2.843295 3.404338  4.735160
4  ENSG00000000938 -0.9436801 2.456518 3.197584  4.311798
5  ENSG00000000971  7.7204267 2.378580 3.564796  4.961545
6  ENSG00000001036  8.3098107 1.741152 3.144294  4.162418
7  ENSG00000001084 -3.7929552 2.684037 3.277632  4.643414
8  ENSG00000001167 -6.4981408 2.299071 3.013722  4.366145
9  ENSG00000001460 -3.5762115 2.403292 2.997430  4.742789
10 ENSG00000001461  0.2905773 2.563600 3.081743  4.714490
null device 
          1 
     lambda.min
[1,]  0.3518554
     lambda.min
[1,]  0.3337251
ORFEXONDENSITY        UTR3LEN         UTR3GC      INTRONLEN         UTR5GC         CDSLEN        UTR5LEN    (Intercept) 
  5.296324e-01  -1.314187e-01   9.982348e-02  -7.433347e-02   3.611803e-02  -2.486699e-02  -1.152929e-02   7.877526e-16 
[1] 8
[1] "0.57171684476683"
[1] "0.593667383438876"
[1] "0.597980750794211"
[1] "0.54796614168716"
[1] "0.580517510578304"
[1] "0.589043737282729"
[1] "0.577047947568209"
[1] "0.576033827110189"
[1] "0.566522192529693"
[1] "0.577975177821746"
          [,1]
[1,] 0.5923183
          [,1]
[1,] 0.5767237
null device 
          1 
