[1] "With Ensembl IDs + Features:  12981"
[1] "Dimensions:  12981" "Dimensions:  21854"
            GENEID   HALFLIFE  UTR5LEN   CDSLEN INTRONLEN
1  ENSG00000000003  8.6609546 2.045714 2.862191  3.774013
2  ENSG00000000457 -6.9291729 2.342620 3.345001  4.577654
3  ENSG00000000460  0.4409086 2.843295 3.404338  4.735160
4  ENSG00000000938 -0.9436801 2.456518 3.197584  4.311798
5  ENSG00000000971  7.7204267 2.378580 3.564796  4.961545
6  ENSG00000001036  8.3098107 1.741152 3.144294  4.162418
7  ENSG00000001084 -3.7929552 2.684037 3.277632  4.643414
8  ENSG00000001167 -6.4981408 2.299071 3.013722  4.366145
9  ENSG00000001460 -3.5762115 2.403292 2.997430  4.742789
10 ENSG00000001461  0.2905773 2.563600 3.081743  4.714490
null device 
          1 
     lambda.min
[1,]  0.4069142
     lambda.min
[1,]  0.3849967
ORFEXONDENSITY        UTR3LEN      INTRONLEN   3UTR.TATTTAT    3UTR.AATAAA        3UTR.CC   3UTR.TGTAAAT         UTR5GC    3UTR.TGTATA       3UTR.GAC   3UTR.TGTATAT     3UTR.CGCTA     3UTR.AGGAC       3UTR.GAA         CDSLEN 
  5.016737e-01  -1.094688e-01  -4.976729e-02  -4.497794e-02   4.321800e-02   4.073293e-02  -3.638355e-02   2.480403e-02  -2.328795e-02  -2.091710e-02  -1.857717e-02   1.763942e-02  -1.477644e-02  -1.437010e-02  -1.434274e-02 
  3UTR.TGTACAG    3UTR.TTAGCT     3UTR.CCTGC   3UTR.AGGACTT     3UTR.TGTTT     3UTR.CCCCT   3UTR.GCACTTT   3UTR.TATATTT        3UTR.GA   3UTR.TTGTAAA   3UTR.TATTTTT   3UTR.TTGCACA    3UTR.TTTTGT   3UTR.CGACGAC     3UTR.CTTAG 
 -1.427586e-02   1.367712e-02   1.346630e-02  -1.213476e-02  -1.209838e-02   1.183250e-02  -1.084948e-02  -1.075183e-02  -1.053411e-02  -9.873958e-03  -9.683046e-03  -9.393318e-03  -9.278248e-03  -9.273127e-03   8.958142e-03 
   3UTR.TATTTA     3UTR.TATTT   3UTR.CTCATGG    3UTR.GATTAA       3UTR.CCT   3UTR.CTGATGC   3UTR.CCCCTGC   3UTR.GCTGCTA        3UTR.TC      3UTR.TTAG   3UTR.TAGACGG   3UTR.GTAGTGG     3UTR.ACTGT   3UTR.TGCCCTT     3UTR.TTATT 
 -8.918632e-03  -8.666630e-03  -8.315717e-03   8.296226e-03   8.124701e-03   8.077134e-03   8.027919e-03  -7.868260e-03   7.794241e-03   7.473535e-03  -7.465669e-03   7.359487e-03  -7.293155e-03   7.288816e-03  -7.273830e-03 
  3UTR.TTTATGT    3UTR.ACTGTA     3UTR.CGAGA   3UTR.CATTGGG    3UTR.CACCCC     3UTR.GAGAA   3UTR.CCTCAAA   3UTR.CAGCCCC   3UTR.TCACTCC   3UTR.AATACGC   3UTR.TATTATA    3UTR.GCACTT    3UTR.TTTTAA   3UTR.AGCTTAG   3UTR.CTATGAT 
 -7.037368e-03  -6.937825e-03  -6.402361e-03  -6.088549e-03   6.045755e-03  -5.783510e-03  -5.752242e-03   5.636153e-03   5.504903e-03  -5.321455e-03  -5.121600e-03  -5.107411e-03  -5.002663e-03   4.822865e-03   4.778615e-03 
  3UTR.TAGATCT    3UTR.CAGAAG     3UTR.GAACT     3UTR.ACTTG    3UTR.GAAACT   3UTR.TTATATG   3UTR.GCCCGCT     3UTR.CACTT   3UTR.ATGTTGA   3UTR.ATTTGGA   3UTR.GAGAAAG    3UTR.TACCTC   3UTR.CATATAA     3UTR.TGGAC   3UTR.CAGGTCC 
 -4.702808e-03  -4.670058e-03  -4.511330e-03  -4.492134e-03  -4.488784e-03  -4.334963e-03   4.252752e-03  -4.234917e-03  -4.011330e-03   3.922165e-03  -3.876327e-03  -3.744935e-03  -3.675783e-03  -3.617135e-03  -3.455342e-03 
  3UTR.GTGAAGG   3UTR.TAAAGTT   3UTR.GGAACCC   3UTR.CTAATAC   3UTR.GTACATA   3UTR.GGCTTTG   3UTR.GTGCAAT     3UTR.GACTG   3UTR.TGTACAT   3UTR.CGAAAAA   3UTR.GTTTACA   3UTR.TCAGTAC   3UTR.TGCACTA   3UTR.GAAGCAT    3UTR.CATCCG 
 -3.443352e-03   3.344806e-03   3.297409e-03   3.290311e-03  -3.266845e-03  -3.173035e-03  -3.109759e-03  -3.103962e-03  -2.902056e-03  -2.786592e-03  -2.779372e-03  -2.755100e-03  -2.703459e-03  -2.689914e-03   2.644998e-03 
  3UTR.CACCCCA   3UTR.TTATTTA   3UTR.CCCTTTC       3UTR.CCC       3UTR.TAG    3UTR.GCTGTC   3UTR.TATGTAT   3UTR.CTACAAC        UTR5LEN      3UTR.TACG   3UTR.ATCTTAC    3UTR.GCCAAT   3UTR.TAACCTA        3UTR.AC   3UTR.CTATGCA 
  2.635606e-03  -2.611934e-03   2.524062e-03   2.457709e-03   2.457062e-03   2.439191e-03  -2.427560e-03  -2.413872e-03  -2.393714e-03  -2.321976e-03  -2.309910e-03   2.258538e-03  -2.231316e-03  -2.214635e-03  -2.175292e-03 
  3UTR.TTTTAGG   3UTR.GTAGGAC   3UTR.CTTGACA   3UTR.GCGATGT     3UTR.TATGT   3UTR.CAGGAAA   3UTR.TTAGCTA    3UTR.CGGATT   3UTR.CCCAACC     3UTR.TACAG     3UTR.TTTTT    3UTR.CGTTTA     3UTR.GTAGT   3UTR.CTTGCTT   3UTR.TACCTCA 
  2.095998e-03  -2.095619e-03  -2.089372e-03  -2.001397e-03  -1.975450e-03  -1.917373e-03   1.881370e-03   1.880858e-03   1.860954e-03  -1.761328e-03  -1.724484e-03  -1.716874e-03   1.668344e-03   1.614235e-03  -1.608288e-03 
  3UTR.TCACCGG    3UTR.CAGGAA   3UTR.TAATACG    3UTR.ACTTGA   3UTR.AAGCAAC   3UTR.GCACTAG   3UTR.AGATTAA   3UTR.CTGGGGA   3UTR.AAATAAA   3UTR.ACGTCTA   3UTR.TTGCTGC   3UTR.GCTGGGG     3UTR.AGATT    3UTR.TCGGAA   3UTR.GTCTTCG 
  1.571559e-03  -1.514067e-03  -1.506881e-03  -1.506774e-03   1.490583e-03  -1.477049e-03   1.436716e-03   1.405941e-03   1.361923e-03  -1.358393e-03  -1.306699e-03   1.290252e-03   1.289435e-03  -1.283404e-03  -1.271918e-03 
  3UTR.CACACTT    3UTR.GACTGA   3UTR.GCCAATA    3UTR.GTAAAT   3UTR.GTTGGGC   3UTR.AGAACTG    3UTR.CATTGG   3UTR.CAATTAA   3UTR.GTATAGA   3UTR.AGGCGGC    3UTR.AGAAGC     3UTR.ACTAA   3UTR.GGGCTGG    3UTR.TACAGT   3UTR.TTTTTAA 
 -1.227707e-03  -1.223483e-03   1.197068e-03  -1.186862e-03  -1.186105e-03  -1.144572e-03  -1.072526e-03   1.041957e-03  -1.023042e-03   9.983837e-04  -9.892878e-04   9.854530e-04   9.725868e-04  -9.685731e-04  -9.617760e-04 
  3UTR.TCATGAC    3UTR.GTGTTG   3UTR.ACAATGA   3UTR.CCCCTTG   3UTR.CGTTTAC   3UTR.ACTGCTC    3UTR.GCCCCT   3UTR.GGGAGCG   3UTR.AACGGTA   3UTR.CCAACCT   3UTR.GTTGCCT   3UTR.ACGGATC    3UTR.GAGAAC   3UTR.TTTATTA     3UTR.TTGTA 
  9.047263e-04   8.836458e-04   8.602733e-04   8.579268e-04  -8.368479e-04  -8.257098e-04   8.172311e-04  -8.171928e-04  -7.531501e-04   7.473041e-04   7.173552e-04  -6.682264e-04  -6.674481e-04  -6.574260e-04  -6.342107e-04 
  3UTR.TCTCGTA   3UTR.GAGTTAT   3UTR.CGGTACT   3UTR.GAGAACA      3UTR.CCTA   3UTR.TCTTAAG   3UTR.AACGCAA     3UTR.TTTAT   3UTR.CGCCATT   3UTR.GTGGACT    3UTR.CCCCTG   3UTR.AGAATAG   3UTR.CACCGCC   3UTR.AAATGCA   3UTR.CTGAATA 
 -6.221251e-04  -6.220439e-04  -6.191755e-04  -5.877010e-04   5.623747e-04   5.563617e-04  -5.501029e-04  -5.412504e-04   5.112029e-04  -5.033645e-04   4.849691e-04   4.814292e-04   4.810046e-04  -4.297991e-04   4.162817e-04 
  3UTR.CTTAGCT   3UTR.CCCCGGG   3UTR.ATTTCAC   3UTR.TGCCTGA   3UTR.ATCAGCC    3UTR.AGTAGT   3UTR.CCGCCAT     3UTR.TTCGG   3UTR.TGCCGCT    3UTR.AATTAA   3UTR.GACAGCG     3UTR.GCTTC   3UTR.TGTTGCC    3UTR.CGCTAC     3UTR.GGACT 
  3.636452e-04   3.557824e-04  -3.524736e-04   2.896844e-04   2.744457e-04   2.725040e-04   2.273291e-04  -2.260249e-04   1.898398e-04   1.190478e-04   1.117139e-04   9.618283e-05   9.339909e-05   8.758004e-05  -7.259722e-05 
  3UTR.GCTGCCA   3UTR.GTTGCTA    3UTR.AGATTT   3UTR.TTGCGGA   3UTR.CCCTTAA    3UTR.GAAATA      3UTR.CGCT    (Intercept) 
 -6.882082e-05   6.695748e-05   5.998802e-05  -5.400639e-05  -4.001793e-05   3.972961e-05   3.439045e-05   9.813907e-16 
[1] 203
[1] "0.602430322072635"
[1] "0.625800745479438"
[1] "0.619449897068236"
[1] "0.570325182626173"
[1] "0.604095774562043"
[1] "0.614902866406719"
[1] "0.594870096236562"
[1] "0.600102330061866"
[1] "0.594468444029989"
[1] "0.595628764002643"
          [,1]
[1,] 0.6181062
          [,1]
[1,] 0.6010942
null device 
          1 
