[1] "With Ensembl IDs + Features:  12981"
[1] "Dimensions:  12981" "Dimensions:  21854"
            GENEID   HALFLIFE  UTR5LEN   CDSLEN INTRONLEN
1  ENSG00000000003  8.6609546 2.045714 2.862191  3.774013
2  ENSG00000000457 -6.9291729 2.342620 3.345001  4.577654
3  ENSG00000000460  0.4409086 2.843295 3.404338  4.735160
4  ENSG00000000938 -0.9436801 2.456518 3.197584  4.311798
5  ENSG00000000971  7.7204267 2.378580 3.564796  4.961545
6  ENSG00000001036  8.3098107 1.741152 3.144294  4.162418
7  ENSG00000001084 -3.7929552 2.684037 3.277632  4.643414
8  ENSG00000001167 -6.4981408 2.299071 3.013722  4.366145
9  ENSG00000001460 -3.5762115 2.403292 2.997430  4.742789
10 ENSG00000001461  0.2905773 2.563600 3.081743  4.714490
null device 
          1 
     lambda.min
[1,]  0.3666426
     lambda.min
[1,]  0.3473057
ORFEXONDENSITY        UTR3LEN         UTR3GC      INTRONLEN         CDSLEN   5UTR.GCTACTG   5UTR.TGGTCAG   5UTR.GTCTCTC   5UTR.ACCAAAT      5UTR.TTTT       5UTR.CGC    5UTR.TCGCAA   5UTR.GGCGGGG   5UTR.GACCCTC   5UTR.ATCCAAT 
  5.092333e-01  -1.222077e-01   9.147996e-02  -5.346909e-02  -1.975948e-02  -1.118414e-02   1.084287e-02  -1.049202e-02   9.953214e-03  -8.361852e-03   7.905426e-03  -7.215163e-03   6.907084e-03  -6.789795e-03  -6.465400e-03 
      5UTR.GCC    5UTR.TTAACT   5UTR.ATCACCG    5UTR.TCTCTT      5UTR.CCCA   5UTR.TTGATCG   5UTR.CCGAAAG   5UTR.TGGGTGG   5UTR.ATAAGAA   5UTR.TAGACGT   5UTR.CTCTTCC   5UTR.CCAGCCT    5UTR.AAGACG   5UTR.CTTAGAG   5UTR.GAACGAT 
  6.394026e-03  -6.308765e-03   5.639529e-03   5.031422e-03   5.014076e-03  -4.995097e-03  -4.949448e-03   4.934677e-03   4.921326e-03  -4.884444e-03   4.777490e-03   4.606574e-03  -4.559909e-03   4.448553e-03  -4.430553e-03 
     5UTR.TTTG   5UTR.CTCGATC   5UTR.TGCTCAA   5UTR.GACTCCG    5UTR.GCTTTG   5UTR.ATACTGA   5UTR.TCCGAAT   5UTR.CTCTCTT   5UTR.GACTTTT   5UTR.TGACTAG   5UTR.AACTTTT   5UTR.TCTTCCG       5UTR.AAT   5UTR.TGTGTCT   5UTR.TACCCAG 
 -4.426231e-03  -4.247165e-03  -4.210394e-03  -4.177133e-03  -4.140652e-03  -4.139895e-03  -4.133030e-03   4.127591e-03  -3.857277e-03  -3.828477e-03  -3.742218e-03   3.687547e-03  -3.654329e-03  -3.653117e-03  -3.579990e-03 
  5UTR.CAATTAG   5UTR.CTGCCTC   5UTR.GTGTACT    5UTR.CGCACC    5UTR.CCTAGC    5UTR.CCCCTA   5UTR.AACGAAT   5UTR.CACAGCT   5UTR.ACCCTTC   5UTR.TGTGGCG      5UTR.TTGA   5UTR.AGGGCGG   5UTR.ACACCGA   5UTR.TCTTTCC    5UTR.TTTTGG 
 -3.538289e-03  -3.471112e-03   3.462869e-03   3.259792e-03   3.016535e-03   3.014727e-03  -2.809228e-03  -2.718884e-03   2.682719e-03  -2.575676e-03  -2.519155e-03   2.396911e-03  -2.236239e-03   2.225228e-03  -2.193025e-03 
  5UTR.AACCACC   5UTR.CAATCCA   5UTR.ACATCTT   5UTR.CTTCCTT    5UTR.TAACCT     5UTR.ACTGG     5UTR.AACTG     5UTR.CCTAG   5UTR.GTCCTCA    5UTR.GAATGG        UTR5LEN   5UTR.TAGCTTG   5UTR.GCTACTC     5UTR.GCGGG   5UTR.GCGGAGA 
 -2.175255e-03  -2.086666e-03   2.040928e-03   2.025128e-03  -1.993252e-03  -1.963568e-03  -1.892540e-03   1.797915e-03   1.756232e-03  -1.750159e-03  -1.704424e-03  -1.649970e-03   1.622068e-03   1.584217e-03   1.542932e-03 
  5UTR.CGTACTA    5UTR.GGATTT   5UTR.GACTCCC   5UTR.CTCCAGC   5UTR.GCCTTAC   5UTR.CCCGGGA   5UTR.GGTTATT    5UTR.GCCCGA   5UTR.GGATTTA   5UTR.TCGCACA    5UTR.GTACTA   5UTR.CTTACGT   5UTR.GCGCGAG   5UTR.ACGAGAG      5UTR.AAAC 
  1.533575e-03  -1.497276e-03   1.450754e-03   1.439649e-03  -1.420772e-03  -1.387637e-03  -1.386528e-03  -1.346142e-03  -1.333482e-03  -1.315354e-03   1.297414e-03  -1.294658e-03  -1.289652e-03  -1.230760e-03  -1.156425e-03 
      5UTR.TGT   5UTR.ACCCACT   5UTR.GGGCGGG   5UTR.AGGTTAT   5UTR.ACCAAAC   5UTR.TAATCGA   5UTR.CCTAGCG   5UTR.TAGCCTT     5UTR.ACCTG   5UTR.ATGATGA     5UTR.CCCGC   5UTR.CAAGGGG   5UTR.CCCTAGC   5UTR.GTGTGGT   5UTR.TTCGTCC 
 -1.074107e-03   9.344449e-04   9.325153e-04  -9.001236e-04  -8.951328e-04   8.870044e-04   8.209483e-04   7.587265e-04  -7.485804e-04   7.094323e-04   7.089575e-04  -6.969736e-04   6.880917e-04   6.719227e-04   5.809858e-04 
   5UTR.TGGTCA   5UTR.GGTATCG    5UTR.GGCAAA   5UTR.CTGAAGC    5UTR.GTCATC   5UTR.CAAAACT      5UTR.TGTT      5UTR.CTAG     5UTR.AACAG    5UTR.CAAAGA   5UTR.CTTTCGC      5UTR.AACA   5UTR.GGTACTG   5UTR.GCAAGGT   5UTR.TATGGGG 
  5.678294e-04   5.505433e-04  -5.499124e-04   5.030535e-04   4.745714e-04  -4.387509e-04  -3.722379e-04   3.656520e-04  -3.395362e-04  -3.297024e-04   3.257760e-04  -2.676937e-04  -2.675786e-04   2.272242e-04   2.175681e-04 
  5UTR.GGAACTT   5UTR.TATCCGC   5UTR.TAAAGGT   5UTR.TCTTCTC   5UTR.TATAACA   5UTR.ATGGGGC   5UTR.AGGCAAA   5UTR.TTTTTCG   5UTR.GTGAATG   5UTR.CTTTTTC   5UTR.AAGCTCG    (Intercept) 
  1.809188e-04   1.064995e-04  -7.500354e-05  -5.643034e-05  -3.696015e-05   3.470940e-05  -2.936195e-05  -2.279154e-05  -1.812998e-05  -8.538108e-06  -4.932171e-06   7.591805e-16 
[1] 132
[1] "0.572088704339919"
[1] "0.594700700681903"
[1] "0.599349324809181"
[1] "0.548808825880754"
[1] "0.579586969922931"
[1] "0.584057124932884"
[1] "0.573638697843249"
[1] "0.576570911245299"
[1] "0.567159754055771"
[1] "0.575944332453018"
          [,1]
[1,] 0.5910928
          [,1]
[1,] 0.5760584
null device 
          1 
