[1] "With Ensembl IDs + Features:  12981"
[1] "Dimensions:  12981" "Dimensions:  72"   
            GENEID   HALFLIFE  UTR5LEN   CDSLEN INTRONLEN
1  ENSG00000000003  8.6609546 2.045714 2.862191  3.774013
2  ENSG00000000457 -6.9291729 2.342620 3.345001  4.577654
3  ENSG00000000460  0.4409086 2.843295 3.404338  4.735160
4  ENSG00000000938 -0.9436801 2.456518 3.197584  4.311798
5  ENSG00000000971  7.7204267 2.378580 3.564796  4.961545
6  ENSG00000001036  8.3098107 1.741152 3.144294  4.162418
7  ENSG00000001084 -3.7929552 2.684037 3.277632  4.643414
8  ENSG00000001167 -6.4981408 2.299071 3.013722  4.366145
9  ENSG00000001460 -3.5762115 2.403292 2.997430  4.742789
10 ENSG00000001461  0.2905773 2.563600 3.081743  4.714490
null device 
          1 
     lambda.min
[1,]  0.4325325
     lambda.min
[1,]  0.4238723
ORFEXONDENSITY        UTR3LEN         UTR3GC      Codon.CAC      Codon.AGC      Codon.TGT      Codon.CGG      Codon.TTA      Codon.AGT      Codon.CGA      Codon.TCG      Codon.GCT      Codon.GGT      Codon.AAG      Codon.TGG 
  4.511840e-01  -1.242365e-01   8.734335e-02  -7.311458e-02  -6.932677e-02  -6.423300e-02  -6.325620e-02  -5.721124e-02  -5.580785e-02  -5.204840e-02  -4.771545e-02   4.651892e-02   4.437544e-02   4.320703e-02   4.277451e-02 
     Codon.GAT      Codon.ATT      Codon.CAG      Codon.AGG      Codon.CCG      Codon.CAA      Codon.GGG      Codon.GAG      Codon.GCC      Codon.GAC      Codon.TCA      Codon.AAT      Codon.CGT      Codon.CGC      Codon.ACC 
  4.220848e-02   4.160739e-02  -4.099300e-02  -4.070922e-02  -3.936941e-02  -3.828555e-02   3.714594e-02   3.700097e-02   3.670772e-02  -3.533224e-02  -3.452114e-02   3.442807e-02   2.903222e-02   2.788167e-02   2.775867e-02 
        UTR5GC      INTRONLEN      Codon.CAT      Codon.CTG      Codon.GGC      Codon.GGA      Codon.ACG      Codon.TTG      Codon.GTC      Codon.CCA      Codon.TGC      Codon.TGA      Codon.ACA      Codon.AAC      Codon.GTG 
  2.723780e-02  -2.628579e-02  -2.624102e-02   2.617312e-02   2.599884e-02   2.551773e-02  -2.534322e-02  -2.377800e-02   2.345931e-02  -2.308881e-02  -2.196706e-02   2.160857e-02  -2.135708e-02  -2.029658e-02   2.007437e-02 
     Codon.TCC      Codon.AGA      Codon.GTT      Codon.TTC      Codon.CCC      Codon.AAA      Codon.ATG      Codon.CTA        UTR5LEN      Codon.TAC      Codon.ATC      Codon.TAT         CDSLEN      Codon.ACT      Codon.ATA 
 -1.956269e-02  -1.936340e-02   1.928767e-02   1.863829e-02  -1.755254e-02  -1.684539e-02   1.655889e-02  -1.593461e-02  -1.566955e-02   1.537146e-02   1.337709e-02   1.046721e-02  -9.483916e-03   9.452863e-03  -7.645532e-03 
     Codon.CTC      Codon.GCA      Codon.CCT      Codon.TCT      Codon.CTT      Codon.TTT    (Intercept) 
 -6.538719e-03  -4.621268e-03  -3.318436e-03  -3.203617e-03   9.721064e-05   7.483437e-06   7.353772e-16 
[1] 67
[1] "0.633405349179889"
[1] "0.643756016077074"
[1] "0.67054362120576"
[1] "0.628314267845271"
[1] "0.662357671314129"
[1] "0.671289077874219"
[1] "0.633586826038039"
[1] "0.649686567782598"
[1] "0.632541408916655"
[1] "0.639509326896729"
          [,1]
[1,] 0.6524699
          [,1]
[1,] 0.6457004
null device 
          1 
