[1] "With Ensembl IDs + Features:  12981"
[1] "Dimensions:  12981" "Dimensions:  21916"
            GENEID   HALFLIFE  UTR5LEN   CDSLEN INTRONLEN
1  ENSG00000000003  8.6609546 2.045714 2.862191  3.774013
2  ENSG00000000457 -6.9291729 2.342620 3.345001  4.577654
3  ENSG00000000460  0.4409086 2.843295 3.404338  4.735160
4  ENSG00000000938 -0.9436801 2.456518 3.197584  4.311798
5  ENSG00000000971  7.7204267 2.378580 3.564796  4.961545
6  ENSG00000001036  8.3098107 1.741152 3.144294  4.162418
7  ENSG00000001084 -3.7929552 2.684037 3.277632  4.643414
8  ENSG00000001167 -6.4981408 2.299071 3.013722  4.366145
9  ENSG00000001460 -3.5762115 2.403292 2.997430  4.742789
10 ENSG00000001461  0.2905773 2.563600 3.081743  4.714490
null device 
          1 
     lambda.min
[1,]  0.4762175
     lambda.min
[1,]  0.4640604
ORFEXONDENSITY        UTR3LEN      Codon.TGT         UTR3GC      Codon.AGT      Codon.CAC      Codon.AGC        ORF.TGG      Codon.AGG      Codon.GCT      Codon.TTA        ORF.TGA      Codon.TCA        ORF.CAG      Codon.CGA 
  4.451563e-01  -1.092057e-01  -6.429080e-02   5.205274e-02  -5.151083e-02  -4.685756e-02  -4.455473e-02   4.205599e-02  -3.988514e-02   3.671155e-02  -3.439524e-02   3.211023e-02  -2.416449e-02  -2.338554e-02  -2.311073e-02 
     Codon.TCG      Codon.CGG      Codon.AAG       ORF.ACTC         ORF.TG         ORF.AC      Codon.CAA      Codon.ACC      Codon.GGT      Codon.TTG    ORF.CAAGGAT      Codon.TTC     ORF.GACACA       ORF.GACT      Codon.ATC 
 -2.273648e-02  -2.266486e-02   2.187708e-02  -2.162341e-02   2.140377e-02  -2.139455e-02  -2.109432e-02   1.987992e-02   1.604420e-02  -1.486206e-02   1.432438e-02   1.407256e-02  -1.357931e-02  -1.337015e-02   1.289801e-02 
    ORF.CCGGCG      Codon.TAC      Codon.CAT    ORF.TATGGGG         UTR5GC     ORF.TCATTG    ORF.ATCGCGG    ORF.CCAAGAA       ORF.GAAC    ORF.CTCGGAC     ORF.ATGGAC      INTRONLEN    ORF.TCCCCGG    ORF.CTTTATG      ORF.ACCTC 
 -1.218370e-02   1.213110e-02  -1.211082e-02   1.200517e-02   1.199551e-02   1.142393e-02   1.128842e-02   1.118532e-02  -1.112773e-02  -1.110263e-02  -1.093972e-02  -1.088238e-02  -1.076549e-02  -1.057197e-02  -1.023172e-02 
     Codon.TGC    ORF.CGTTACT    ORF.GCATGAA    ORF.CCTTTTA    ORF.CCTCATT      ORF.AGGCC    ORF.AACCGAA       ORF.AGAC    ORF.GGAAGGT     ORF.TAGACT    ORF.ATACCTC    ORF.TCGACTA        ORF.GGG      Codon.GTC    ORF.CGGCGAG 
 -1.010834e-02   9.470542e-03  -9.218104e-03  -9.212927e-03  -9.192216e-03   8.909678e-03  -8.739410e-03  -8.386040e-03   8.309327e-03  -8.239012e-03  -8.223852e-03  -8.179625e-03   8.162650e-03   8.102968e-03  -8.011872e-03 
   ORF.CGAAAGC    ORF.GATTGGC      Codon.CGT    ORF.GACGAGT    ORF.AAGCGGC    ORF.AGCCCGT       ORF.ACAG    ORF.TTACAAC     ORF.GGGCGA     ORF.CAAGGT    ORF.AAGTACA    ORF.TTTCGAA    ORF.GGGATAA    ORF.GTAGCAC        ORF.GAT 
 -7.845430e-03   7.717174e-03   7.523710e-03   7.336120e-03  -7.276895e-03  -7.272661e-03  -7.240541e-03  -7.219112e-03   7.110944e-03   7.095380e-03   6.925378e-03  -6.896183e-03   6.880143e-03  -6.796347e-03   6.687796e-03 
   ORF.TCCCCCG    ORF.GGTGATT    ORF.AGGTCAC    ORF.GGGCCCT      ORF.TTTCC        ORF.GGT    ORF.TCAGACG     ORF.ACTGCC    ORF.CAGCTTG      Codon.TGA    ORF.AGAGACT    ORF.AACTTAT    ORF.GCACTTT    ORF.GTAGGAG     ORF.CCTCCG 
 -6.677416e-03   6.528996e-03   6.483670e-03   6.477243e-03   6.312756e-03   6.308454e-03  -6.292248e-03  -6.286686e-03  -6.276670e-03   5.978947e-03  -5.950638e-03   5.922355e-03  -5.913081e-03   5.895810e-03  -5.865715e-03 
   ORF.GGGAGAA    ORF.TGGATCA     ORF.GGACAG    ORF.TCGAGTG    ORF.CGTTAAC      Codon.TCC    ORF.CACGAAA    ORF.TTTCCCT    ORF.CATCTCT    ORF.TCACTTG    ORF.GACAGCC        UTR5LEN    ORF.GGAGGCT    ORF.AGACGGA    ORF.GCCGATC 
 -5.864003e-03  -5.793790e-03  -5.725230e-03  -5.691254e-03  -5.638926e-03  -5.521851e-03  -5.460536e-03   5.459837e-03   5.443907e-03  -5.419682e-03  -5.380746e-03  -5.378672e-03   5.373040e-03  -5.341209e-03   5.340620e-03 
    ORF.GGGCTA      ORF.CATTG    ORF.ACAACGG    ORF.AGACATT    ORF.ATGAGAG    ORF.GCCGGCG      ORF.GGGCC        ORF.AGC    ORF.GGTGCCC     ORF.AGGACA    ORF.TGTTAGG    ORF.GTGGAGC     ORF.ACGAAC    ORF.GGTGGTT    ORF.CAAGTAT 
  5.333385e-03   5.325476e-03   5.324507e-03  -5.305798e-03   5.210306e-03  -5.206488e-03   5.198800e-03  -5.143729e-03   5.107365e-03  -5.096674e-03  -5.035846e-03   5.031238e-03  -4.915280e-03   4.875748e-03   4.853373e-03 
    ORF.CGAAAG    ORF.GCAATCT    ORF.GGCCTAT    ORF.CCCCTAT    ORF.CGATGGC     ORF.TTGCAC    ORF.TCGTATC    ORF.TAGTGCT    ORF.GCTCCAC    ORF.AACACAG    ORF.TCAGAAC    ORF.TTGGGCG    ORF.ATCGGAG    ORF.TTTTACC       ORF.CAGC 
 -4.838210e-03   4.828132e-03   4.820734e-03  -4.813146e-03   4.810908e-03  -4.805057e-03   4.758687e-03   4.751634e-03   4.710182e-03  -4.692719e-03  -4.678646e-03   4.678584e-03  -4.668201e-03  -4.633855e-03  -4.622512e-03 
   ORF.TTGACCC    ORF.GCCTCTT     ORF.TCCCCG    ORF.CGGAAGC     ORF.CGGACT    ORF.GAGGCTA    ORF.TAGAGAC    ORF.TGCGCAT    ORF.TCCTTCT    ORF.ACGATAC    ORF.GATGAGA    ORF.CGCCGCC    ORF.AGAACAG    ORF.GTGTAGC     ORF.GAACAG 
 -4.602678e-03  -4.585919e-03  -4.568065e-03  -4.559632e-03  -4.513312e-03   4.480083e-03  -4.472957e-03   4.447063e-03  -4.402621e-03  -4.402530e-03   4.397453e-03  -4.350640e-03  -4.342195e-03  -4.334047e-03  -4.203263e-03 
    ORF.CAAGCG    ORF.CACTTGG    ORF.TACTTCG      ORF.TCAGA    ORF.CGCGCGT    ORF.ACTGCGC    ORF.CGCCCTT      ORF.CAGCA    ORF.ATAGACC     ORF.ATTGAT    ORF.ACTCGCG    ORF.GTCCTGG    ORF.ATTTAAC    ORF.ACTACTT      Codon.CCG 
 -4.162787e-03  -4.157077e-03   4.145864e-03  -4.141382e-03   4.103991e-03  -4.090527e-03  -4.089382e-03  -4.088376e-03  -4.069600e-03   4.050998e-03   4.040013e-03   4.039306e-03  -3.978730e-03   3.974079e-03  -3.968117e-03 
   ORF.CATGTGC    ORF.ACATGAA    ORF.TCGGTGG      ORF.GAAGG    ORF.TGCGCTT     ORF.TAGCTC     ORF.ATGGGG    ORF.TCCCCTT    ORF.GTCGATC         CDSLEN    ORF.AGCTTGT    ORF.GTACGAA    ORF.AGTACCC    ORF.AGATTCG    ORF.CCAGAGA 
 -3.951498e-03  -3.919937e-03  -3.902279e-03   3.884596e-03   3.801328e-03  -3.795375e-03   3.786826e-03   3.768635e-03   3.767057e-03  -3.745154e-03  -3.737558e-03  -3.736976e-03  -3.736569e-03   3.713400e-03  -3.691974e-03 
   ORF.CCCACAC    ORF.GGGCGGG    ORF.AGGTCCC    ORF.TCAATGT    ORF.GATAGTC     ORF.TACGAA    ORF.CAAGCGC    ORF.CGCCGAT     ORF.TCATAG     ORF.ACAACC    ORF.AGTTGAG    ORF.GCATTGG    ORF.AGGTCAA    ORF.TTCCTCG    ORF.ATGCGAG 
 -3.653592e-03   3.620705e-03   3.602760e-03   3.599716e-03  -3.573727e-03  -3.549693e-03  -3.531371e-03  -3.525901e-03  -3.486313e-03   3.484180e-03   3.459997e-03   3.448212e-03  -3.442942e-03  -3.394578e-03   3.389484e-03 
   ORF.AGGAGAT       ORF.GCGT    ORF.GGCAAGG    ORF.AAACGCC     ORF.TCGACT    ORF.CTGGGAT     ORF.AGAGAC      ORF.TCGCG    ORF.ACCAGCA      ORF.AAACG      ORF.TCAAT    ORF.TGTGTTA     ORF.GCGATA    ORF.TTTGCAC      ORF.GCGTA 
  3.381468e-03   3.371807e-03   3.352027e-03  -3.351004e-03  -3.343837e-03   3.270653e-03  -3.242231e-03   3.180269e-03  -3.155886e-03  -3.153683e-03   3.148915e-03   3.148167e-03  -3.129918e-03  -3.100138e-03   3.025468e-03 
   ORF.CAAACAG     ORF.CACGTG     ORF.TAGAAA    ORF.GTCGGTG    ORF.CTTGATG    ORF.GCGGGGC      ORF.CCCAC    ORF.CGGCGGC    ORF.ACCGCAT    ORF.TTGGACC      ORF.GGGGC     ORF.ATAGAC    ORF.TATTGTC     ORF.TAGAGA     ORF.GGACTC 
 -3.025353e-03   3.019237e-03  -3.008924e-03  -2.994227e-03  -2.990121e-03   2.986029e-03  -2.983237e-03  -2.967607e-03   2.959346e-03  -2.958085e-03   2.948870e-03  -2.946869e-03  -2.923676e-03  -2.874187e-03  -2.869012e-03 
   ORF.AACGATG    ORF.GCCGACC    ORF.GCGTTGG    ORF.TCTAAGC    ORF.TGGGGAC    ORF.CACCCAG    ORF.TCGGGAG    ORF.TAGAACC    ORF.TGACGTT     ORF.GGTCGC    ORF.GTATAGA    ORF.GGCATTA    ORF.TATGCTA    ORF.ATTGTTG    ORF.CGGCCAC 
  2.867807e-03   2.844016e-03   2.830816e-03  -2.829901e-03   2.789441e-03   2.788038e-03   2.783250e-03   2.767571e-03  -2.756488e-03   2.708918e-03   2.696172e-03  -2.653534e-03   2.652847e-03   2.649242e-03  -2.629021e-03 
     ORF.TGCAC    ORF.ACTTATG      ORF.GCCTA     ORF.GGCGGT    ORF.CATAACC     ORF.GCAATT    ORF.TGACGGT    ORF.GTTAACG    ORF.AGTCGCC     ORF.TCAATA    ORF.AACTCTG    ORF.TGGGCTT    ORF.GTGCCTC    ORF.CTTCTCC    ORF.TTCCTGA 
 -2.624228e-03   2.612023e-03   2.576077e-03   2.508322e-03   2.498161e-03   2.474891e-03   2.457148e-03  -2.426770e-03  -2.420260e-03   2.416535e-03  -2.416417e-03   2.413521e-03  -2.409242e-03  -2.384988e-03   2.365297e-03 
   ORF.GAGATGA     ORF.ACTGAG    ORF.CGGGGAA    ORF.GTCATGT     ORF.AGTTGA     ORF.ACCCGG    ORF.AGGTCGC     ORF.TTCAGC    ORF.CGACGCC      Codon.TGG    ORF.CTACTCA    ORF.CCCGCAT      ORF.AGCTT    ORF.GACTGCC    ORF.GTTTCAC 
  2.352122e-03   2.350295e-03   2.345720e-03  -2.325386e-03   2.310923e-03  -2.250384e-03   2.236708e-03  -2.211840e-03   2.185874e-03   2.180084e-03   2.168963e-03  -2.166388e-03  -2.091886e-03  -2.082058e-03  -2.055658e-03 
   ORF.TATCCGA    ORF.ATGACCA      Codon.GCC    ORF.CCCTATT    ORF.GTAGTCC     ORF.CGCGTA    ORF.CTCGGAA    ORF.ATGGCGA    ORF.CCAGTTG     ORF.GGCCGA    ORF.CGGTTCT    ORF.ACCGAGC      ORF.GACTT    ORF.GGAGAGC    ORF.GCGCTGA 
 -2.047698e-03   1.990390e-03   1.981168e-03  -1.978486e-03  -1.975432e-03   1.965309e-03  -1.962357e-03   1.918541e-03  -1.895389e-03   1.875928e-03   1.868897e-03  -1.866273e-03  -1.850053e-03  -1.838111e-03  -1.835891e-03 
    ORF.GAGTGG    ORF.CTTTCCC    ORF.TACATCC       ORF.GGGC    ORF.CATCTGT    ORF.CCCTTGA     ORF.ACCAAA     ORF.AAAAGG    ORF.ATCGGCT    ORF.ACCCCGC    ORF.AACTACC    ORF.TGTGTAC    ORF.CTTAACA    ORF.TCTTACT    ORF.CCCTGCG 
  1.828837e-03   1.813596e-03   1.811463e-03   1.800946e-03  -1.795219e-03   1.787499e-03  -1.759765e-03  -1.743472e-03  -1.724235e-03  -1.715449e-03   1.707746e-03   1.701949e-03  -1.701508e-03   1.693361e-03   1.690245e-03 
   ORF.CCACAGG    ORF.CCCGAGA    ORF.ACTGCCG    ORF.CTCGCGT    ORF.ACCAATT    ORF.TCCGGGG    ORF.TAGGTTG    ORF.GGCCGCA    ORF.ATATCTC      Codon.GGA    ORF.TGGCCGA    ORF.CCGGATA     ORF.AAGGTC      ORF.CTGGG    ORF.GAACTCT 
  1.684062e-03  -1.684014e-03  -1.674260e-03   1.664727e-03  -1.661827e-03   1.659158e-03   1.652795e-03   1.643046e-03   1.621540e-03   1.618501e-03   1.617879e-03  -1.616353e-03   1.600565e-03   1.583907e-03  -1.581201e-03 
    ORF.CGGTGG     ORF.ATGAAC     ORF.TATACT     ORF.TGGAGG     ORF.CCTTCT    ORF.AATTATT    ORF.ACATTGA     ORF.TGGGCT    ORF.ACAAATC    ORF.GCAATTT     ORF.CCCCTA      ORF.ACTTG    ORF.CAATATC      ORF.GAACT     ORF.ACGGAC 
 -1.556504e-03  -1.544855e-03   1.535485e-03   1.498211e-03  -1.458794e-03   1.438699e-03   1.435631e-03   1.435588e-03  -1.428142e-03   1.413915e-03  -1.411846e-03  -1.396276e-03   1.394393e-03  -1.386723e-03  -1.382532e-03 
   ORF.ACACTGA    ORF.GCGTGTG    ORF.AAGTATG    ORF.GCTTTGA     ORF.ACTCCC    ORF.TCGCGTT    ORF.CACTTTA    ORF.CTGACAA    ORF.GCCTATG    ORF.TGCATTT    ORF.GGGAATC    ORF.GTGGGGT    ORF.GTCGTTC     ORF.AATCCG     ORF.TCCGTG 
  1.348289e-03   1.347216e-03   1.325875e-03   1.313480e-03  -1.312460e-03   1.294326e-03  -1.281421e-03   1.219986e-03   1.213715e-03  -1.209687e-03   1.201451e-03   1.196415e-03   1.191008e-03   1.172376e-03   1.162005e-03 
   ORF.GAGCGCA    ORF.TGCAAGG    ORF.ACTTCCA     ORF.TGTACA    ORF.GACTCTG      ORF.GACTC    ORF.CCGACCA    ORF.GGCGCAG    ORF.CAAGACG      ORF.ACTGA    ORF.CTCAAAC     ORF.GGCCTG    ORF.GTAGAAA    ORF.GCTGTTA    ORF.GACACCA 
 -1.157773e-03  -1.138802e-03   1.134138e-03  -1.128324e-03  -1.118114e-03  -1.096769e-03   1.080981e-03  -1.062301e-03  -1.057346e-03   1.049582e-03  -1.043876e-03   1.035750e-03  -1.029018e-03  -1.021818e-03   1.015268e-03 
      ORF.GGAC    ORF.TCAGCCA     ORF.CTAGAC    ORF.CACTTCG    ORF.GGTCGCC    ORF.GACTCTT    ORF.CCTCAGC    ORF.GGTGGAG    ORF.AAGGAGC    ORF.TATTAAC    ORF.GGTGCCG    ORF.TGTTACG    ORF.TCCGTCG     ORF.GATACG      ORF.AAGGT 
 -1.009638e-03  -1.009427e-03  -1.005164e-03   9.838529e-04   9.691235e-04  -9.617218e-04   9.549064e-04   9.430384e-04  -9.385215e-04   9.273653e-04  -9.251735e-04   8.964311e-04  -8.942596e-04  -8.886932e-04   8.883884e-04 
   ORF.TTCACCG     ORF.AGCGGC    ORF.TTCAACG    ORF.CGAAGCT     ORF.TACTAG     ORF.AGGTCC    ORF.GTTACGC    ORF.TCCAGCT    ORF.GCGATGG    ORF.CTTCTAA     ORF.AGATAA    ORF.ATGCGTG     ORF.CCTAGC    ORF.ACCTCGT    ORF.CAATCAA 
  8.669682e-04  -8.605327e-04  -8.509968e-04   8.418696e-04  -8.343376e-04   8.259819e-04  -8.157305e-04  -8.136587e-04   8.124649e-04  -8.110087e-04   8.097710e-04   8.053284e-04  -8.001262e-04  -7.984920e-04  -7.913107e-04 
   ORF.TTACCTA    ORF.TCTGGCG    ORF.TTGCGCC     ORF.ACGTGG       ORF.AGGT    ORF.GCCGTGC    ORF.CACGGCC    ORF.TTCGTTG     ORF.GAGCTG      ORF.TTCAG    ORF.AAGGCTC    ORF.TCAACTA    ORF.GTAGGTG       ORF.AGCA    ORF.CTCTTTC 
 -7.799522e-04   7.777868e-04   7.641701e-04   7.563011e-04   7.483413e-04  -7.269544e-04  -7.126669e-04   7.121033e-04   7.097902e-04  -6.978025e-04   6.917942e-04   6.789187e-04  -6.787901e-04  -6.704906e-04   6.570506e-04 
   ORF.CTACAGA      ORF.CGTGT    ORF.CCCTTAG    ORF.AAAAAAG     ORF.ACAGAC    ORF.CCAATGC    ORF.TTTACGC    ORF.GCGACTG    ORF.CGCCTTA    ORF.AACACTC    ORF.TACCTAC    ORF.GTCCGAC    ORF.GGCATCG    ORF.AAGGACA    ORF.CGCCGAG 
 -6.539447e-04   6.500914e-04  -6.479704e-04  -6.385979e-04  -6.349336e-04   6.323587e-04  -6.181643e-04   5.780946e-04  -5.767963e-04  -5.663442e-04  -5.626694e-04  -5.571600e-04   5.497969e-04  -5.373163e-04  -5.331639e-04 
      ORF.CTCC     ORF.GCGTAC    ORF.CTCTACT      ORF.ATGAG     ORF.TCAATG     ORF.CAGCCG    ORF.CGGGTTA    ORF.GCAAGGG     ORF.ATATGC    ORF.TTCCCCG    ORF.ACCGAAA    ORF.TTACGCG    ORF.AACGACT    ORF.ATAGCTC    ORF.TGATGAG 
 -5.327374e-04   5.135816e-04   5.056297e-04   5.045386e-04   4.990783e-04  -4.961985e-04  -4.961871e-04  -4.870068e-04   4.854813e-04  -4.736554e-04  -4.633561e-04  -4.532345e-04  -4.481621e-04  -4.363446e-04   4.188369e-04 
   ORF.TCTCAGA    ORF.TGGTGTG    ORF.GGCCGAG    ORF.CAGATCC     ORF.CCCAGA      ORF.TATGC    ORF.TACCCGG    ORF.GTGTCTG    ORF.GCCTGGT    ORF.ACATTTA    ORF.AGCACTT    ORF.GCTCAAT    ORF.GTTAGCG    ORF.GCGCGTA    ORF.TGTAAAC 
 -4.161438e-04   4.149633e-04   4.088545e-04  -3.933491e-04   3.889300e-04   3.881039e-04  -3.856435e-04   3.722065e-04   3.466353e-04  -3.431092e-04  -3.416153e-04   3.328800e-04  -3.248701e-04   3.209001e-04  -3.186827e-04 
   ORF.CCTACCC    ORF.GGGTCTC    ORF.CTAATGG    ORF.AAAGGAC    ORF.TACCGCG    ORF.CGCCGTA    ORF.ATAGCAG    ORF.ATCACTA    ORF.TAAGGAC    ORF.CGAACTG    ORF.TGCCGGG    ORF.TACGAAC    ORF.TAGCATA    ORF.TCGATGG    ORF.CTACGCA 
 -3.171318e-04   3.170408e-04  -3.160002e-04  -3.044445e-04   2.960481e-04   2.929030e-04  -2.854942e-04   2.835717e-04  -2.751090e-04  -2.479866e-04  -2.445113e-04  -2.380232e-04  -2.154128e-04   2.146946e-04   2.105418e-04 
     ORF.CCCTA      ORF.AAGCG    ORF.AGCCGCT    ORF.GCTAAGT    ORF.AACGGGA    ORF.ACGTTGG    ORF.AGGGCTT    ORF.TAATAAC    ORF.CGCCGAC    ORF.ACGCTTG    ORF.TCAAACT    ORF.TATGGCC    ORF.GCAACGG    ORF.CTGTGCT    ORF.TAGGTGC 
 -2.081021e-04  -2.077922e-04  -1.985013e-04  -1.957256e-04  -1.883017e-04  -1.866579e-04  -1.811317e-04   1.682066e-04   1.678550e-04   1.619698e-04  -1.503276e-04   1.477594e-04  -1.366745e-04  -1.264060e-04  -1.206416e-04 
   ORF.AAGGGAT    ORF.AGGGATG    ORF.ACCACGA    ORF.TGACAAG    ORF.AGAGGGC     ORF.CAATAT    ORF.TAGTCAA    ORF.GGAGTAA    ORF.TCCCTCT     ORF.TCGCGA     ORF.TGAGAT    ORF.GTACACT    ORF.TACTATG    ORF.AGCGGAA     ORF.TTCTCC 
 -1.195589e-04  -1.112725e-04  -9.602397e-05   8.278199e-05   7.648928e-05   7.542103e-05  -6.817202e-05   5.799453e-05   5.338427e-05   4.319021e-05   2.483304e-05   2.440626e-05   2.416245e-05  -2.114153e-05  -1.311597e-05 
   ORF.TACCGCC    ORF.TCTAGCC    ORF.ACTACCG    (Intercept) 
  1.117918e-05   9.892870e-06   8.286537e-06   6.458682e-16 
[1] 499
[1] "0.634579862456099"
[1] "0.643149759526446"
[1] "0.659817189467766"
[1] "0.61053243075818"
[1] "0.649121735213321"
[1] "0.660238430311153"
[1] "0.622258755867963"
[1] "0.63993556193395"
[1] "0.6225808403533"
[1] "0.639959065514982"
          [,1]
[1,] 0.6455996
          [,1]
[1,] 0.6374728
null device 
          1 
