[1] "With Ensembl IDs + Features:  12981"
[1] "Dimensions:  12981" "Dimensions:  21854"
            GENEID   HALFLIFE  UTR5LEN   CDSLEN INTRONLEN
1  ENSG00000000003  8.6609546 2.045714 2.862191  3.774013
2  ENSG00000000457 -6.9291729 2.342620 3.345001  4.577654
3  ENSG00000000460  0.4409086 2.843295 3.404338  4.735160
4  ENSG00000000938 -0.9436801 2.456518 3.197584  4.311798
5  ENSG00000000971  7.7204267 2.378580 3.564796  4.961545
6  ENSG00000001036  8.3098107 1.741152 3.144294  4.162418
7  ENSG00000001084 -3.7929552 2.684037 3.277632  4.643414
8  ENSG00000001167 -6.4981408 2.299071 3.013722  4.366145
9  ENSG00000001460 -3.5762115 2.403292 2.997430  4.742789
10 ENSG00000001461  0.2905773 2.563600 3.081743  4.714490
null device 
          1 
     lambda.min
[1,]   0.434818
     lambda.min
[1,]  0.4180989
ORFEXONDENSITY        UTR3LEN        ORF.TGG         UTR3GC        ORF.CAG        ORF.TGA       ORF.ACTC        ORF.GGT      ORF.CATTG    ORF.CCAAGAA        ORF.GAT       ORF.GACT     ORF.CCGGCG      INTRONLEN      ORF.GAAGG 
  4.619922e-01  -1.104908e-01   8.301314e-02   5.487835e-02  -4.177045e-02   3.330537e-02  -3.167503e-02   2.929751e-02   1.981941e-02   1.909768e-02   1.814954e-02  -1.685981e-02  -1.644720e-02  -1.613370e-02   1.467909e-02 
      ORF.ACAG       ORF.CACA      ORF.TCAGA         UTR5GC      ORF.AGGCC    ORF.CAAGGAT      ORF.CAAGG      ORF.TAGAC    ORF.CTCGGAC       ORF.GAAC    ORF.TATGGGG    ORF.TCACACT     ORF.GACACA    ORF.GATTGGC    ORF.AAGTACA 
 -1.429034e-02  -1.325476e-02  -1.322106e-02   1.282876e-02   1.251903e-02   1.204068e-02   1.167276e-02  -1.025105e-02  -9.822671e-03  -9.605390e-03   9.573421e-03  -9.224112e-03  -9.054224e-03   8.953047e-03   8.510783e-03 
      ORF.AGCA      ORF.TGTAA    ORF.ATCGCGG       ORF.GGGC       ORF.GCGT    ORF.AACCGAA     ORF.ATGGAC    ORF.CCTTTTA         ORF.AC     ORF.CGAAAG      ORF.GCTGA    ORF.CCTCATT     ORF.AGAGAC    ORF.TCCCCGG    ORF.GTGGGAA 
 -8.379690e-03  -8.261593e-03   8.241731e-03   8.217493e-03   8.087302e-03  -8.010832e-03  -7.982286e-03  -7.817419e-03  -7.782954e-03  -7.555421e-03   7.552943e-03  -7.538164e-03  -7.205187e-03  -7.184600e-03  -7.033643e-03 
    ORF.TCATTG         CDSLEN    ORF.TTTCGAA       ORF.CAGT      ORF.ACCTC     ORF.GGACAG      ORF.TATGC        ORF.TAG       ORF.TGAC     ORF.TTCCTG    ORF.TGTGGGA      ORF.GCCTA    ORF.AGGAGAT       ORF.TAGC    ORF.TCCCCCG 
  7.021037e-03  -6.931838e-03  -6.801649e-03  -6.793801e-03  -6.754662e-03  -6.706149e-03   6.690818e-03  -6.643895e-03   6.387740e-03   6.181451e-03  -6.010536e-03   5.988808e-03   5.877722e-03  -5.606467e-03  -5.589314e-03 
   ORF.GGGCCCT    ORF.CCATCAT      ORF.ACACA      ORF.TGCAC      ORF.TTCAG    ORF.AAGTGTG    ORF.TGCGCAT    ORF.CGTTACT     ORF.TAGACT     ORF.TCAATG     ORF.TCCCCG         ORF.TG    ORF.GATGAGA    ORF.TGGGCTT    ORF.CTTTATG 
  5.586531e-03   5.499675e-03  -5.494252e-03  -5.493136e-03  -5.480682e-03  -5.470808e-03   5.461378e-03   5.418509e-03  -5.404057e-03   5.344856e-03  -5.335740e-03   5.290638e-03   5.250357e-03   5.250116e-03  -5.222723e-03 
   ORF.CAGCTTG    ORF.ATACCTC     ORF.TAGAGA    ORF.AGACATT      ORF.ACTTG    ORF.CACTTGG    ORF.AAGCGGC       ORF.CTGA       ORF.TGGC     ORF.GGGCTA    ORF.TTTCCCT    ORF.AGCCCGT    ORF.TGCGCTT    ORF.GACAGCC      ORF.TCGCG 
 -5.217620e-03  -5.170189e-03  -5.074858e-03  -5.005299e-03  -5.004901e-03  -4.983172e-03  -4.981000e-03   4.821059e-03   4.820314e-03   4.771802e-03   4.632818e-03  -4.515593e-03   4.507474e-03  -4.463995e-03   4.361180e-03 
   ORF.CACGAAA       ORF.GCTA    ORF.TCGACTA    ORF.GACGAGT      ORF.CTGGG    ORF.ACACTGG      ORF.ATTTA     ORF.CAAGGT    ORF.TCGAGTG    ORF.TCAGACG    ORF.CATCTCT    ORF.TCACTTG     ORF.TGCAAG    ORF.ACCGCAT    ORF.GCATGAA 
 -4.293634e-03   4.252855e-03  -4.165996e-03   4.150369e-03   4.142959e-03  -4.135051e-03  -4.134523e-03   4.127185e-03  -4.126496e-03  -4.060403e-03   4.008635e-03  -3.973171e-03  -3.948604e-03   3.928912e-03  -3.898018e-03 
    ORF.TTGCAC    ORF.GGTGATT      ORF.AAGGT     ORF.CGGACT    ORF.ATCGGAG    ORF.AGTGTGG       ORF.CGTG    ORF.GGCATCG     ORF.ACTGCC        ORF.AGC      ORF.TTTCC    ORF.CGAAAGC    ORF.GTAGCAC    ORF.TAGAGAC    ORF.CGATGGC 
 -3.887231e-03   3.865595e-03   3.798981e-03  -3.780117e-03  -3.745812e-03  -3.699499e-03   3.632429e-03   3.583818e-03  -3.545814e-03  -3.544112e-03   3.540772e-03  -3.488356e-03  -3.469771e-03  -3.444341e-03   3.437813e-03 
   ORF.GGAGAGC    ORF.TTACAAC    ORF.GGGATAA       ORF.GATG     ORF.ATTGAT    ORF.GCACTTT    ORF.CCCACAC    ORF.TGTTAGG    ORF.GGGAGAA    ORF.GTGTAGC    ORF.AGATTCG    ORF.TCGTATC     ORF.ATAGAC    ORF.ACATGAA     ORF.GCCTAT 
 -3.321880e-03  -3.316773e-03   3.267010e-03   3.206441e-03   3.166145e-03  -3.153873e-03  -3.131730e-03  -2.983946e-03  -2.980409e-03  -2.949129e-03   2.934663e-03   2.930321e-03  -2.919760e-03  -2.881626e-03   2.872522e-03 
   ORF.AACTTAT      ORF.AAACG    ORF.GGAGGCT     ORF.ATGGGG    ORF.AGGTCAC    ORF.TCAGCCA     ORF.TAGCTC    ORF.GGTGCCC      ORF.GGGCC    ORF.ACGATAC    ORF.CACATGA    ORF.ATAGACC    ORF.CGTTAAC     ORF.GGACTC    ORF.GTTTCAC 
  2.819585e-03  -2.699889e-03   2.685403e-03   2.655971e-03   2.574499e-03  -2.572678e-03  -2.571995e-03   2.550114e-03   2.519803e-03  -2.478203e-03  -2.473815e-03  -2.450287e-03  -2.415730e-03  -2.357537e-03  -2.354226e-03 
    ORF.ACAACC      ORF.GCCAT    ORF.TCGGTGG    ORF.GGAAGGT      ORF.CCTTA    ORF.CGGCGAG    ORF.ATGACCA     ORF.TGAGAT    ORF.ATTTAAC     ORF.AGTTGA    ORF.AGACGGA     ORF.TAGAAA    ORF.CACTTTA    ORF.GAGGCTA     ORF.AGGACA 
  2.342785e-03   2.329529e-03  -2.323222e-03   2.319708e-03  -2.319427e-03  -2.317342e-03   2.282597e-03   2.271678e-03  -2.258486e-03   2.257171e-03  -2.229573e-03  -2.209777e-03  -2.178610e-03   2.116454e-03  -2.112186e-03 
   ORF.ACTCGCG    ORF.GTACGAA      ORF.GCTAA     ORF.GTGTAA    ORF.GTCCTGG      ORF.GCCAA    ORF.TGGATCA      ORF.CTATG    ORF.TCTAAGC    ORF.AGCACTT    ORF.CAAGTAT      ORF.CTACT     ORF.GCAATT    ORF.CGGCGGC    ORF.TCCAGCT 
  2.093954e-03  -2.057586e-03   2.040423e-03  -2.017101e-03   2.013852e-03   2.003291e-03  -1.959593e-03   1.892688e-03  -1.884194e-03  -1.877399e-03   1.837156e-03   1.800558e-03   1.798971e-03  -1.787776e-03  -1.763203e-03 
    ORF.GATGAG     ORF.GGGCGA     ORF.ACGAAC    ORF.GGCCTAT      ORF.TCGGA    ORF.AAGAAGG    ORF.TACATCC     ORF.TACTTC    ORF.GTGGAGC      ORF.GAACT     ORF.GTGTAG     ORF.GAACAG    ORF.AACTACC    ORF.GTAGGAG    ORF.CTTTCCC 
  1.729374e-03   1.671202e-03  -1.669273e-03   1.668270e-03  -1.667604e-03   1.646665e-03   1.622519e-03   1.603352e-03   1.586571e-03  -1.568476e-03  -1.558481e-03  -1.552129e-03   1.479037e-03   1.458921e-03   1.410380e-03 
    ORF.CCGGTC     ORF.CTACTT      ORF.CAAAC     ORF.AGCGGC    ORF.TTGGACC      ORF.GGCTA    ORF.TCAACAA    ORF.ACTACTT    ORF.GGGCGGG     ORF.GCGATA    ORF.AACGATG    ORF.TCAACTA      ORF.GCGTA     ORF.TAGATC     ORF.CGCGTA 
 -1.402704e-03   1.382807e-03  -1.374129e-03  -1.348512e-03  -1.287626e-03   1.274746e-03   1.179715e-03   1.157311e-03   1.147799e-03  -1.120746e-03   1.090793e-03   1.075674e-03   1.075580e-03  -1.067283e-03   1.045795e-03 
   ORF.CTGGGAT      ORF.ACGAA    ORF.AAGTATG    ORF.TCAGAAC    ORF.GCGCTGA    ORF.AGTCGCC     ORF.TTCGTG    ORF.TTCCTGA       ORF.ATAG     ORF.CAAGCG    ORF.ATCGCCA       ORF.AGGC     ORF.CATTTA    ORF.TACTTCG     ORF.ACCCGG 
  1.036646e-03  -1.027069e-03   1.025315e-03  -1.017480e-03  -1.012639e-03  -1.007668e-03   9.892449e-04   9.875540e-04  -9.874759e-04  -9.760334e-04   9.434256e-04   9.375521e-04  -9.296691e-04   9.242989e-04  -9.088267e-04 
       UTR5LEN    ORF.TCCCCTT    ORF.AGAACAG     ORF.CAACAA    ORF.CGGCCAC    ORF.GTCGGTG    ORF.CCCCTAT     ORF.TCCGTG    ORF.GGTGGAG    ORF.TTTTACC    ORF.TATGCTA      ORF.GACTC    ORF.TTGGGCG     ORF.CTGACC     ORF.GCGTAC 
 -9.087030e-04   8.943226e-04  -8.913116e-04   8.652044e-04  -8.525813e-04  -8.486496e-04  -8.418907e-04   8.198162e-04   8.056525e-04  -8.030328e-04   7.964097e-04  -7.860478e-04   7.457218e-04   7.410717e-04   6.903877e-04 
   ORF.AAACGCC    ORF.TCTGGCG    ORF.GTCATTG    ORF.ACCGAAA    ORF.GTCCAGC      ORF.TCAAT    ORF.AACACAG       ORF.AGTC    ORF.TCCGGGG       ORF.AGCC     ORF.GATACG    ORF.AAGGCTC    ORF.CTCTACT    ORF.CATGTGC        ORF.CTA 
 -6.630152e-04   6.592540e-04   6.562970e-04  -6.546667e-04  -6.483270e-04   6.462303e-04  -6.170517e-04  -6.158453e-04   5.757860e-04  -5.546172e-04  -5.300215e-04   5.222186e-04   4.925514e-04  -4.909565e-04   4.752281e-04 
     ORF.CCCAC      ORF.CGAAC      ORF.CACAT    ORF.AGCTTGT     ORF.CTTCGA    ORF.TAGTGCT    ORF.CCAATGC    ORF.CCACAGG    ORF.TTCACCG    ORF.TGCAAGG       ORF.TCAG    ORF.CTTAACA     ORF.TCATCG    ORF.TTTGCAC    ORF.GCTTTGA 
 -4.438234e-04  -4.325116e-04  -4.073082e-04  -4.022499e-04   3.955537e-04   3.945114e-04   3.654442e-04   3.319401e-04   3.011780e-04  -2.916833e-04  -2.679980e-04  -2.282480e-04   2.262144e-04  -2.206757e-04   1.854514e-04 
   ORF.TGACGGT    ORF.GGTGGTT    ORF.TGACCAA     ORF.CAATGC    ORF.CTCAAAC    ORF.CTACTCA    ORF.TGTGGTA    ORF.TGTAAAC    ORF.ACTGCCG    ORF.GCCGGCG    ORF.GACACCA      ORF.TGAAG    ORF.AGAAGGC    ORF.CACTGGA       ORF.TGAT 
  1.849148e-04   1.794916e-04   1.712827e-04   1.686439e-04  -1.673252e-04   1.546138e-04  -1.426903e-04  -1.357526e-04  -1.134039e-04  -1.023960e-04   9.691207e-05   8.786741e-05   8.126058e-05  -7.872996e-05   7.687988e-05 
   ORF.GCAATTT    ORF.ACAACGG    ORF.CGCCCTT      ORF.GGCAA    ORF.CTAATGG    ORF.ACCACGA    (Intercept) 
  6.919579e-05   6.781382e-05  -6.354936e-05   4.862214e-05  -4.687864e-05  -2.053365e-05   4.848844e-16 
[1] 292
[1] "0.619480092016524"
[1] "0.632020992277253"
[1] "0.641647414891563"
[1] "0.589189123544197"
[1] "0.629262161588705"
[1] "0.638386605855854"
[1] "0.604968419878137"
[1] "0.620230134164519"
[1] "0.602774019544741"
[1] "0.623817124164593"
          [,1]
[1,] 0.6311882
          [,1]
[1,] 0.6192869
null device 
          1 
